Arguments: 
  /Users/renatoreboucas/.nvm/versions/node/v13.7.0/bin/node /usr/local/Cellar/yarn/1.21.1/libexec/bin/yarn.js add jquer

PATH: 
  /Users/renatoreboucas/.nvm/versions/node/v13.7.0/bin:/usr/local/bin:/usr/bin:/bin:/usr/sbin:/sbin:/Users/renatoreboucas/.nvm/versions/node/v13.7.0/bin:/Users/renatoreboucas/Library/Android/sdk/tools:/Users/renatoreboucas/Library/Android/sdk/platform-tools:/Users/renatoreboucas/Library/Android/sdk/tools:/Users/renatoreboucas/Library/Android/sdk/platform-tools

Yarn version: 
  1.21.1

Node version: 
  13.7.0

Platform: 
  darwin x64

Trace: 
  Error: https://registry.yarnpkg.com/jquer: Not found
      at Request.params.callback [as _callback] (/usr/local/Cellar/yarn/1.21.1/libexec/lib/cli.js:66947:18)
      at Request.self.callback (/usr/local/Cellar/yarn/1.21.1/libexec/lib/cli.js:140665:22)
      at Request.emit (events.js:321:20)
      at Request.<anonymous> (/usr/local/Cellar/yarn/1.21.1/libexec/lib/cli.js:141637:10)
      at Request.emit (events.js:321:20)
      at IncomingMessage.<anonymous> (/usr/local/Cellar/yarn/1.21.1/libexec/lib/cli.js:141559:12)
      at Object.onceWrapper (events.js:427:28)
      at IncomingMessage.emit (events.js:333:22)
      at endReadableNT (_stream_readable.js:1201:12)
      at processTicksAndRejections (internal/process/task_queues.js:84:21)

npm manifest: 
  {
    "dependencies": {
      "antd": "^3.26.9",
      "antd-dayjs-webpack-plugin": "^0.0.8",
      "babel-plugin-import": "^1.13.0",
      "customize-cra": "^0.9.1",
      "less": "^3.11.1",
      "less-loader": "^5.0.0",
      "react": "^16.12.0",
      "react-app-rewired": "^2.1.5",
      "react-bootstrap": "^1.0.0-beta.16",
      "react-dom": "^16.12.0",
      "styled-components": "^5.0.1",
      "totalvoice-node": "^1.9.0"
    }
  }

yarn manifest: 
  No manifest

Lockfile: 
  # THIS IS AN AUTOGENERATED FILE. DO NOT EDIT THIS FILE DIRECTLY.
  # yarn lockfile v1
  
  
  "@ant-design/colors@^3.1.0":
    version "3.2.2"
    resolved "https://registry.yarnpkg.com/@ant-design/colors/-/colors-3.2.2.tgz#5ad43d619e911f3488ebac303d606e66a8423903"
    integrity sha512-YKgNbG2dlzqMhA9NtI3/pbY16m3Yl/EeWBRa+lB1X1YaYxHrxNexiQYCLTWO/uDvAjLFMEDU+zR901waBtMtjQ==
    dependencies:
      tinycolor2 "^1.4.1"
  
  "@ant-design/create-react-context@^0.2.4":
    version "0.2.5"
    resolved "https://registry.yarnpkg.com/@ant-design/create-react-context/-/create-react-context-0.2.5.tgz#f5f5a9163b4772097712837397ad30e22e79f858"
    integrity sha512-1rMAa4qgP2lfl/QBH9i78+Gjxtj9FTMpMyDGZsEBW5Kih72EuUo9958mV8PgpRkh4uwPSQ7vVZWXeyNZXVAFDg==
    dependencies:
      gud "^1.0.0"
      warning "^4.0.3"
  
  "@ant-design/icons-react@~2.0.1":
    version "2.0.1"
    resolved "https://registry.yarnpkg.com/@ant-design/icons-react/-/icons-react-2.0.1.tgz#17a2513571ab317aca2927e58cea25dd31e536fb"
    integrity sha512-r1QfoltMuruJZqdiKcbPim3d8LNsVPB733U0gZEUSxBLuqilwsW28K2rCTWSMTjmFX7Mfpf+v/wdiFe/XCqThw==
    dependencies:
      "@ant-design/colors" "^3.1.0"
      babel-runtime "^6.26.0"
  
  "@ant-design/icons@~2.1.1":
    version "2.1.1"
    resolved "https://registry.yarnpkg.com/@ant-design/icons/-/icons-2.1.1.tgz#7b9c08dffd4f5d41db667d9dbe5e0107d0bd9a4a"
    integrity sha512-jCH+k2Vjlno4YWl6g535nHR09PwCEmTBKAG6VqF+rhkrSPRLfgpU2maagwbZPLjaHuU5Jd1DFQ2KJpQuI6uG8w==
  
  "@babel/code-frame@^7.8.3":
    version "7.8.3"
    resolved "https://registry.yarnpkg.com/@babel/code-frame/-/code-frame-7.8.3.tgz#33e25903d7481181534e12ec0a25f16b6fcf419e"
    integrity sha512-a9gxpmdXtZEInkCSHUJDLHZVBgb1QS0jhss4cPP93EW7s+uC5bikET2twEF3KV+7rDblJcmNvTR7VJejqd2C2g==
    dependencies:
      "@babel/highlight" "^7.8.3"
  
  "@babel/generator@^7.8.4":
    version "7.8.4"
    resolved "https://registry.yarnpkg.com/@babel/generator/-/generator-7.8.4.tgz#35bbc74486956fe4251829f9f6c48330e8d0985e"
    integrity sha512-PwhclGdRpNAf3IxZb0YVuITPZmmrXz9zf6fH8lT4XbrmfQKr6ryBzhv593P5C6poJRciFCL/eHGW2NuGrgEyxA==
    dependencies:
      "@babel/types" "^7.8.3"
      jsesc "^2.5.1"
      lodash "^4.17.13"
      source-map "^0.5.0"
  
  "@babel/helper-annotate-as-pure@^7.0.0":
    version "7.8.3"
    resolved "https://registry.yarnpkg.com/@babel/helper-annotate-as-pure/-/helper-annotate-as-pure-7.8.3.tgz#60bc0bc657f63a0924ff9a4b4a0b24a13cf4deee"
    integrity sha512-6o+mJrZBxOoEX77Ezv9zwW7WV8DdluouRKNY/IR5u/YTMuKHgugHOzYWlYvYLpLA9nPsQCAAASpCIbjI9Mv+Uw==
    dependencies:
      "@babel/types" "^7.8.3"
  
  "@babel/helper-function-name@^7.8.3":
    version "7.8.3"
    resolved "https://registry.yarnpkg.com/@babel/helper-function-name/-/helper-function-name-7.8.3.tgz#eeeb665a01b1f11068e9fb86ad56a1cb1a824cca"
    integrity sha512-BCxgX1BC2hD/oBlIFUgOCQDOPV8nSINxCwM3o93xP4P9Fq6aV5sgv2cOOITDMtCfQ+3PvHp3l689XZvAM9QyOA==
    dependencies:
      "@babel/helper-get-function-arity" "^7.8.3"
      "@babel/template" "^7.8.3"
      "@babel/types" "^7.8.3"
  
  "@babel/helper-get-function-arity@^7.8.3":
    version "7.8.3"
    resolved "https://registry.yarnpkg.com/@babel/helper-get-function-arity/-/helper-get-function-arity-7.8.3.tgz#b894b947bd004381ce63ea1db9f08547e920abd5"
    integrity sha512-FVDR+Gd9iLjUMY1fzE2SR0IuaJToR4RkCDARVfsBBPSP53GEqSFjD8gNyxg246VUyc/ALRxFaAK8rVG7UT7xRA==
    dependencies:
      "@babel/types" "^7.8.3"
  
  "@babel/helper-module-imports@^7.0.0":
    version "7.8.3"
    resolved "https://registry.yarnpkg.com/@babel/helper-module-imports/-/helper-module-imports-7.8.3.tgz#7fe39589b39c016331b6b8c3f441e8f0b1419498"
    integrity sha512-R0Bx3jippsbAEtzkpZ/6FIiuzOURPcMjHp+Z6xPe6DtApDJx+w7UYyOLanZqO8+wKR9G10s/FmHXvxaMd9s6Kg==
    dependencies:
      "@babel/types" "^7.8.3"
  
  "@babel/helper-split-export-declaration@^7.8.3":
    version "7.8.3"
    resolved "https://registry.yarnpkg.com/@babel/helper-split-export-declaration/-/helper-split-export-declaration-7.8.3.tgz#31a9f30070f91368a7182cf05f831781065fc7a9"
    integrity sha512-3x3yOeyBhW851hroze7ElzdkeRXQYQbFIb7gLK1WQYsw2GWDay5gAJNw1sWJ0VFP6z5J1whqeXH/WCdCjZv6dA==
    dependencies:
      "@babel/types" "^7.8.3"
  
  "@babel/highlight@^7.8.3":
    version "7.8.3"
    resolved "https://registry.yarnpkg.com/@babel/highlight/-/highlight-7.8.3.tgz#28f173d04223eaaa59bc1d439a3836e6d1265797"
    integrity sha512-PX4y5xQUvy0fnEVHrYOarRPXVWafSjTW9T0Hab8gVIawpl2Sj0ORyrygANq+KjcNlSSTw0YCLSNA8OyZ1I4yEg==
    dependencies:
      chalk "^2.0.0"
      esutils "^2.0.2"
      js-tokens "^4.0.0"
  
  "@babel/parser@^7.8.3", "@babel/parser@^7.8.4":
    version "7.8.4"
    resolved "https://registry.yarnpkg.com/@babel/parser/-/parser-7.8.4.tgz#d1dbe64691d60358a974295fa53da074dd2ce8e8"
    integrity sha512-0fKu/QqildpXmPVaRBoXOlyBb3MC+J0A66x97qEfLOMkn3u6nfY5esWogQwi/K0BjASYy4DbnsEWnpNL6qT5Mw==
  
  "@babel/runtime@^7.0.0", "@babel/runtime@^7.4.2", "@babel/runtime@^7.4.5", "@babel/runtime@^7.5.5", "@babel/runtime@^7.6.3":
    version "7.8.4"
    resolved "https://registry.yarnpkg.com/@babel/runtime/-/runtime-7.8.4.tgz#d79f5a2040f7caa24d53e563aad49cbc05581308"
    integrity sha512-neAp3zt80trRVBI1x0azq6c57aNBqYZH8KhMm3TaB7wEI5Q4A2SHfBHE8w9gOhI/lrqxtEbXZgQIrHP+wvSGwQ==
    dependencies:
      regenerator-runtime "^0.13.2"
  
  "@babel/template@^7.8.3":
    version "7.8.3"
    resolved "https://registry.yarnpkg.com/@babel/template/-/template-7.8.3.tgz#e02ad04fe262a657809327f578056ca15fd4d1b8"
    integrity sha512-04m87AcQgAFdvuoyiQ2kgELr2tV8B4fP/xJAVUL3Yb3bkNdMedD3d0rlSQr3PegP0cms3eHjl1F7PWlvWbU8FQ==
    dependencies:
      "@babel/code-frame" "^7.8.3"
      "@babel/parser" "^7.8.3"
      "@babel/types" "^7.8.3"
  
  "@babel/traverse@^7.4.5":
    version "7.8.4"
    resolved "https://registry.yarnpkg.com/@babel/traverse/-/traverse-7.8.4.tgz#f0845822365f9d5b0e312ed3959d3f827f869e3c"
    integrity sha512-NGLJPZwnVEyBPLI+bl9y9aSnxMhsKz42so7ApAv9D+b4vAFPpY013FTS9LdKxcABoIYFU52HcYga1pPlx454mg==
    dependencies:
      "@babel/code-frame" "^7.8.3"
      "@babel/generator" "^7.8.4"
      "@babel/helper-function-name" "^7.8.3"
      "@babel/helper-split-export-declaration" "^7.8.3"
      "@babel/parser" "^7.8.4"
      "@babel/types" "^7.8.3"
      debug "^4.1.0"
      globals "^11.1.0"
      lodash "^4.17.13"
  
  "@babel/types@^7.8.3":
    version "7.8.3"
    resolved "https://registry.yarnpkg.com/@babel/types/-/types-7.8.3.tgz#5a383dffa5416db1b73dedffd311ffd0788fb31c"
    integrity sha512-jBD+G8+LWpMBBWvVcdr4QysjUE4mU/syrhN17o1u3gx0/WzJB1kwiVZAXRtWbsIPOwW8pF/YJV5+nmetPzepXg==
    dependencies:
      esutils "^2.0.2"
      lodash "^4.17.13"
      to-fast-properties "^2.0.0"
  
  "@emotion/is-prop-valid@^0.8.3":
    version "0.8.6"
    resolved "https://registry.yarnpkg.com/@emotion/is-prop-valid/-/is-prop-valid-0.8.6.tgz#4757646f0a58e9dec614c47c838e7147d88c263c"
    integrity sha512-mnZMho3Sq8BfzkYYRVc8ilQTnc8U02Ytp6J1AwM6taQStZ3AhsEJBX2LzhA/LJirNCwM2VtHL3VFIZ+sNJUgUQ==
    dependencies:
      "@emotion/memoize" "0.7.4"
  
  "@emotion/memoize@0.7.4":
    version "0.7.4"
    resolved "https://registry.yarnpkg.com/@emotion/memoize/-/memoize-0.7.4.tgz#19bf0f5af19149111c40d98bb0cf82119f5d9eeb"
    integrity sha512-Ja/Vfqe3HpuzRsG1oBtWTHk2PGZ7GR+2Vz5iYGelAw8dx32K0y7PjVuxK6z1nMpZOqAFsRUPCkK1YjJ56qJlgw==
  
  "@emotion/stylis@^0.8.4":
    version "0.8.5"
    resolved "https://registry.yarnpkg.com/@emotion/stylis/-/stylis-0.8.5.tgz#deacb389bd6ee77d1e7fcaccce9e16c5c7e78e04"
    integrity sha512-h6KtPihKFn3T9fuIrwvXXUOwlx3rfUvfZIcP5a6rh8Y7zjE3O06hT5Ss4S/YI1AYhuZ1kjaE/5EaOOI2NqSylQ==
  
  "@emotion/unitless@^0.7.4":
    version "0.7.5"
    resolved "https://registry.yarnpkg.com/@emotion/unitless/-/unitless-0.7.5.tgz#77211291c1900a700b8a78cfafda3160d76949ed"
    integrity sha512-OWORNpfjMsSSUBVrRBVGECkhWcULOAJz9ZW8uK9qgxD+87M7jHRcvh/A96XXNhXTLmKcoYSQtBEX7lHMO7YRwg==
  
  "@restart/context@^2.1.4":
    version "2.1.4"
    resolved "https://registry.yarnpkg.com/@restart/context/-/context-2.1.4.tgz#a99d87c299a34c28bd85bb489cb07bfd23149c02"
    integrity sha512-INJYZQJP7g+IoDUh/475NlGiTeMfwTXUEr3tmRneckHIxNolGOW9CTq83S8cxq0CgJwwcMzMJFchxvlwe7Rk8Q==
  
  "@restart/hooks@^0.3.11", "@restart/hooks@^0.3.12":
    version "0.3.20"
    resolved "https://registry.yarnpkg.com/@restart/hooks/-/hooks-0.3.20.tgz#e7179ab41e5f346b2feca091261fbdad77e8bc19"
    integrity sha512-Q1eeEqcxHQ4oqty7C5Me8/hzWwdCRR643nR/6EHxv8BVxLVYHe4IoWAHg8MIGkE4VtSm3/JnNhkoLJhCkLx5aw==
  
  "@types/prop-types@*":
    version "15.7.3"
    resolved "https://registry.yarnpkg.com/@types/prop-types/-/prop-types-15.7.3.tgz#2ab0d5da2e5815f94b0b9d4b95d1e5f243ab2ca7"
    integrity sha512-KfRL3PuHmqQLOG+2tGpRO26Ctg+Cq1E01D2DMriKEATHgWLfeNDmq9e29Q9WIky0dQ3NPkd1mzYH8Lm936Z9qw==
  
  "@types/react-slick@^0.23.4":
    version "0.23.4"
    resolved "https://registry.yarnpkg.com/@types/react-slick/-/react-slick-0.23.4.tgz#c97e2a9e7e3d1933c68593b8e82752fab1e8ce53"
    integrity sha512-vXoIy4GUfB7/YgqubR4H7RALo+pRdMYCeLgWwV3MPwl5pggTlEkFBTF19R7u+LJc85uMqC7RfsbkqPLMQ4ab+A==
    dependencies:
      "@types/react" "*"
  
  "@types/react@*", "@types/react@^16.8.23", "@types/react@^16.9.11":
    version "16.9.19"
    resolved "https://registry.yarnpkg.com/@types/react/-/react-16.9.19.tgz#c842aa83ea490007d29938146ff2e4d9e4360c40"
    integrity sha512-LJV97//H+zqKWMms0kvxaKYJDG05U2TtQB3chRLF8MPNs+MQh/H1aGlyDUxjaHvu08EAGerdX2z4LTBc7ns77A==
    dependencies:
      "@types/prop-types" "*"
      csstype "^2.2.0"
  
  add-dom-event-listener@^1.1.0:
    version "1.1.0"
    resolved "https://registry.yarnpkg.com/add-dom-event-listener/-/add-dom-event-listener-1.1.0.tgz#6a92db3a0dd0abc254e095c0f1dc14acbbaae310"
    integrity sha512-WCxx1ixHT0GQU9hb0KI/mhgRQhnU+U3GvwY6ZvVjYq8rsihIGoaIOUbY0yMPBxLH5MDtr0kz3fisWGNcbWW7Jw==
    dependencies:
      object-assign "4.x"
  
  ajv@^6.5.5:
    version "6.11.0"
    resolved "https://registry.yarnpkg.com/ajv/-/ajv-6.11.0.tgz#c3607cbc8ae392d8a5a536f25b21f8e5f3f87fe9"
    integrity sha512-nCprB/0syFYy9fVYU1ox1l2KN8S9I+tziH8D4zdZuLT3N6RMlGSGt5FSTpAiHB/Whv8Qs1cWHma1aMKZyaHRKA==
    dependencies:
      fast-deep-equal "^3.1.1"
      fast-json-stable-stringify "^2.0.0"
      json-schema-traverse "^0.4.1"
      uri-js "^4.2.2"
  
  ansi-styles@^3.2.1:
    version "3.2.1"
    resolved "https://registry.yarnpkg.com/ansi-styles/-/ansi-styles-3.2.1.tgz#41fbb20243e50b12be0f04b8dedbf07520ce841d"
    integrity sha512-VT0ZI6kZRdTh8YyJw3SMbYm/u+NqfsAxEpWO0Pf9sq8/e94WxxOpPKx9FR1FlyCtOVDNOQ+8ntlqFxiRc+r5qA==
    dependencies:
      color-convert "^1.9.0"
  
  antd-dayjs-webpack-plugin@^0.0.8:
    version "0.0.8"
    resolved "https://registry.yarnpkg.com/antd-dayjs-webpack-plugin/-/antd-dayjs-webpack-plugin-0.0.8.tgz#525b61010df48f09d2a738bef388f6971d94a730"
    integrity sha512-tJY5vub0JhB+H3QzT4pcPBfbj3LounilLapVWLXOBM2lR80m+ykEG3tv0hKBeTAe6iaYaTL9pHSvVIaOKtkbeg==
    dependencies:
      dayjs "*"
  
  antd@^3.26.9:
    version "3.26.9"
    resolved "https://registry.yarnpkg.com/antd/-/antd-3.26.9.tgz#233c9d090c44146997984966d3b3657c9426bac1"
    integrity sha512-youf+hBJHB4nuhV7yEbm2VQSMtX9RxrNQvjlc+iIPj4FeJsuTQXIfSSAc5GhwDeVAI4+nuapCv7XLFIQ+f2ZFg==
    dependencies:
      "@ant-design/create-react-context" "^0.2.4"
      "@ant-design/icons" "~2.1.1"
      "@ant-design/icons-react" "~2.0.1"
      "@types/react-slick" "^0.23.4"
      array-tree-filter "^2.1.0"
      babel-runtime "6.x"
      classnames "~2.2.6"
      copy-to-clipboard "^3.2.0"
      css-animation "^1.5.0"
      dom-closest "^0.2.0"
      enquire.js "^2.1.6"
      is-mobile "^2.1.0"
      lodash "^4.17.13"
      moment "^2.24.0"
      omit.js "^1.0.2"
      prop-types "^15.7.2"
      raf "^3.4.1"
      rc-animate "^2.10.2"
      rc-calendar "~9.15.7"
      rc-cascader "~0.17.4"
      rc-checkbox "~2.1.6"
      rc-collapse "~1.11.3"
      rc-dialog "~7.6.0"
      rc-drawer "~3.1.1"
      rc-dropdown "~2.4.1"
      rc-editor-mention "^1.1.13"
      rc-form "^2.4.10"
      rc-input-number "~4.5.0"
      rc-mentions "~0.4.0"
      rc-menu "~7.5.1"
      rc-notification "~3.3.1"
      rc-pagination "~1.20.11"
      rc-progress "~2.5.0"
      rc-rate "~2.5.0"
      rc-resize-observer "^0.1.0"
      rc-select "~9.2.0"
      rc-slider "~8.7.1"
      rc-steps "~3.5.0"
      rc-switch "~1.9.0"
      rc-table "~6.10.5"
      rc-tabs "~9.7.0"
      rc-time-picker "~3.7.1"
      rc-tooltip "~3.7.3"
      rc-tree "~2.1.0"
      rc-tree-select "~2.9.1"
      rc-trigger "^2.6.2"
      rc-upload "~2.9.1"
      rc-util "^4.16.1"
      react-lazy-load "^3.0.13"
      react-lifecycles-compat "^3.0.4"
      react-slick "~0.25.2"
      resize-observer-polyfill "^1.5.1"
      shallowequal "^1.1.0"
      warning "~4.0.3"
  
  array-tree-filter@^2.1.0:
    version "2.1.0"
    resolved "https://registry.yarnpkg.com/array-tree-filter/-/array-tree-filter-2.1.0.tgz#873ac00fec83749f255ac8dd083814b4f6329190"
    integrity sha512-4ROwICNlNw/Hqa9v+rk5h22KjmzB1JGTMVKP2AKJBOCgb0yL0ASf0+YvCcLNNwquOHNX48jkeZIJ3a+oOQqKcw==
  
  asap@~2.0.3:
    version "2.0.6"
    resolved "https://registry.yarnpkg.com/asap/-/asap-2.0.6.tgz#e50347611d7e690943208bbdafebcbc2fb866d46"
    integrity sha1-5QNHYR1+aQlDIIu9r+vLwvuGbUY=
  
  asn1@~0.2.3:
    version "0.2.4"
    resolved "https://registry.yarnpkg.com/asn1/-/asn1-0.2.4.tgz#8d2475dfab553bb33e77b54e59e880bb8ce23136"
    integrity sha512-jxwzQpLQjSmWXgwaCZE9Nz+glAG01yF1QnWgbhGwHI5A6FRIEY6IVqtHhIepHqI7/kyEyQEagBC5mBEFlIYvdg==
    dependencies:
      safer-buffer "~2.1.0"
  
  assert-plus@1.0.0, assert-plus@^1.0.0:
    version "1.0.0"
    resolved "https://registry.yarnpkg.com/assert-plus/-/assert-plus-1.0.0.tgz#f12e0f3c5d77b0b1cdd9146942e4e96c1e4dd525"
    integrity sha1-8S4PPF13sLHN2RRpQuTpbB5N1SU=
  
  async-validator@~1.11.3:
    version "1.11.5"
    resolved "https://registry.yarnpkg.com/async-validator/-/async-validator-1.11.5.tgz#9d43cf49ef6bb76be5442388d19fb9a6e47597ea"
    integrity sha512-XNtCsMAeAH1pdLMEg1z8/Bb3a8cdCbui9QbJATRFHHHW5kT6+NPI3zSVQUXgikTFITzsg+kYY5NTWhM2Orwt9w==
  
  asynckit@^0.4.0:
    version "0.4.0"
    resolved "https://registry.yarnpkg.com/asynckit/-/asynckit-0.4.0.tgz#c79ed97f7f34cb8f2ba1bc9790bcc366474b4b79"
    integrity sha1-x57Zf380y48robyXkLzDZkdLS3k=
  
  aws-sign2@~0.7.0:
    version "0.7.0"
    resolved "https://registry.yarnpkg.com/aws-sign2/-/aws-sign2-0.7.0.tgz#b46e890934a9591f2d2f6f86d7e6a9f1b3fe76a8"
    integrity sha1-tG6JCTSpWR8tL2+G1+ap8bP+dqg=
  
  aws4@^1.8.0:
    version "1.9.1"
    resolved "https://registry.yarnpkg.com/aws4/-/aws4-1.9.1.tgz#7e33d8f7d449b3f673cd72deb9abdc552dbe528e"
    integrity sha512-wMHVg2EOHaMRxbzgFJ9gtjOOCrI80OHLG14rxi28XwOW8ux6IiEbRCGGGqCtdAIg4FQCbW20k9RsT4y3gJlFug==
  
  axios@^0.19.0:
    version "0.19.2"
    resolved "https://registry.yarnpkg.com/axios/-/axios-0.19.2.tgz#3ea36c5d8818d0d5f8a8a97a6d36b86cdc00cb27"
    integrity sha512-fjgm5MvRHLhx+osE2xoekY70AhARk3a6hkN+3Io1jc00jtquGvxYlKlsFUhmUET0V5te6CcZI7lcv2Ym61mjHA==
    dependencies:
      follow-redirects "1.5.10"
  
  babel-plugin-import@^1.13.0:
    version "1.13.0"
    resolved "https://registry.yarnpkg.com/babel-plugin-import/-/babel-plugin-import-1.13.0.tgz#c532fd533df9db53b47d4d4db3676090fc5c07a5"
    integrity sha512-bHU8m0SrY89ub2hBBuYjbennOeH0YUYkVpH6jxKFk0uD8rhN+0jNHIPtXnac+Vn7N/hgkLGGDcIoYK7je3Hhew==
    dependencies:
      "@babel/helper-module-imports" "^7.0.0"
      "@babel/runtime" "^7.0.0"
  
  "babel-plugin-styled-components@>= 1":
    version "1.10.7"
    resolved "https://registry.yarnpkg.com/babel-plugin-styled-components/-/babel-plugin-styled-components-1.10.7.tgz#3494e77914e9989b33cc2d7b3b29527a949d635c"
    integrity sha512-MBMHGcIA22996n9hZRf/UJLVVgkEOITuR2SvjHLb5dSTUyR4ZRGn+ngITapes36FI3WLxZHfRhkA1ffHxihOrg==
    dependencies:
      "@babel/helper-annotate-as-pure" "^7.0.0"
      "@babel/helper-module-imports" "^7.0.0"
      babel-plugin-syntax-jsx "^6.18.0"
      lodash "^4.17.11"
  
  babel-plugin-syntax-jsx@^6.18.0:
    version "6.18.0"
    resolved "https://registry.yarnpkg.com/babel-plugin-syntax-jsx/-/babel-plugin-syntax-jsx-6.18.0.tgz#0af32a9a6e13ca7a3fd5069e62d7b0f58d0d8946"
    integrity sha1-CvMqmm4Tyno/1QaeYtew9Y0NiUY=
  
  babel-runtime@6.x, babel-runtime@^6.23.0, babel-runtime@^6.26.0:
    version "6.26.0"
    resolved "https://registry.yarnpkg.com/babel-runtime/-/babel-runtime-6.26.0.tgz#965c7058668e82b55d7bfe04ff2337bc8b5647fe"
    integrity sha1-llxwWGaOgrVde/4E/yM3vItWR/4=
    dependencies:
      core-js "^2.4.0"
      regenerator-runtime "^0.11.0"
  
  bcrypt-pbkdf@^1.0.0:
    version "1.0.2"
    resolved "https://registry.yarnpkg.com/bcrypt-pbkdf/-/bcrypt-pbkdf-1.0.2.tgz#a4301d389b6a43f9b67ff3ca11a3f6637e360e9e"
    integrity sha1-pDAdOJtqQ/m2f/PKEaP2Y342Dp4=
    dependencies:
      tweetnacl "^0.14.3"
  
  big.js@^5.2.2:
    version "5.2.2"
    resolved "https://registry.yarnpkg.com/big.js/-/big.js-5.2.2.tgz#65f0af382f578bcdc742bd9c281e9cb2d7768328"
    integrity sha512-vyL2OymJxmarO8gxMr0mhChsO9QGwhynfuu4+MHTAW6czfq9humCB7rKpUjDd9YUiDPU4mzpyupFSvOClAwbmQ==
  
  camelize@^1.0.0:
    version "1.0.0"
    resolved "https://registry.yarnpkg.com/camelize/-/camelize-1.0.0.tgz#164a5483e630fa4321e5af07020e531831b2609b"
    integrity sha1-FkpUg+Yw+kMh5a8HAg5TGDGyYJs=
  
  caseless@~0.12.0:
    version "0.12.0"
    resolved "https://registry.yarnpkg.com/caseless/-/caseless-0.12.0.tgz#1b681c21ff84033c826543090689420d187151dc"
    integrity sha1-G2gcIf+EAzyCZUMJBolCDRhxUdw=
  
  chalk@^2.0.0:
    version "2.4.2"
    resolved "https://registry.yarnpkg.com/chalk/-/chalk-2.4.2.tgz#cd42541677a54333cf541a49108c1432b44c9424"
    integrity sha512-Mti+f9lpJNcwF4tWV8/OrTTtF1gZi+f8FqlyAdouralcFWFQWF2+NgCHShjkCb+IFBLq9buZwE1xckQU4peSuQ==
    dependencies:
      ansi-styles "^3.2.1"
      escape-string-regexp "^1.0.5"
      supports-color "^5.3.0"
  
  classnames@2.x, classnames@^2.2.0, classnames@^2.2.1, classnames@^2.2.3, classnames@^2.2.5, classnames@^2.2.6, classnames@~2.2.6:
    version "2.2.6"
    resolved "https://registry.yarnpkg.com/classnames/-/classnames-2.2.6.tgz#43935bffdd291f326dad0a205309b38d00f650ce"
    integrity sha512-JR/iSQOSt+LQIWwrwEzJ9uk0xfN3mTVYMwt1Ir5mUcSN6pU+V4zQFFaJsclJbPuAUQH+yfWef6tm7l1quW3C8Q==
  
  clone@^2.1.1, clone@^2.1.2:
    version "2.1.2"
    resolved "https://registry.yarnpkg.com/clone/-/clone-2.1.2.tgz#1b7f4b9f591f1e8f83670401600345a02887435f"
    integrity sha1-G39Ln1kfHo+DZwQBYANFoCiHQ18=
  
  color-convert@^1.9.0:
    version "1.9.3"
    resolved "https://registry.yarnpkg.com/color-convert/-/color-convert-1.9.3.tgz#bb71850690e1f136567de629d2d5471deda4c1e8"
    integrity sha512-QfAUtd+vFdAtFQcC8CCyYt1fYWxSqAiK2cSD6zDB8N3cpsEBAvRxp9zOGg6G/SHHJYAT88/az/IuDGALsNVbGg==
    dependencies:
      color-name "1.1.3"
  
  color-name@1.1.3:
    version "1.1.3"
    resolved "https://registry.yarnpkg.com/color-name/-/color-name-1.1.3.tgz#a7d0558bd89c42f795dd42328f740831ca53bc25"
    integrity sha1-p9BVi9icQveV3UIyj3QIMcpTvCU=
  
  combined-stream@^1.0.6, combined-stream@~1.0.6:
    version "1.0.8"
    resolved "https://registry.yarnpkg.com/combined-stream/-/combined-stream-1.0.8.tgz#c3d45a8b34fd730631a110a8a2520682b31d5a7f"
    integrity sha512-FQN4MRfuJeHf7cBbBMJFXhKSDq+2kAArBlmRBvcvFE5BB1HZKXtSFASDhdlz9zOYwxh8lDdnvmMOe/+5cdoEdg==
    dependencies:
      delayed-stream "~1.0.0"
  
  component-classes@1.x, component-classes@^1.2.5, component-classes@^1.2.6:
    version "1.2.6"
    resolved "https://registry.yarnpkg.com/component-classes/-/component-classes-1.2.6.tgz#c642394c3618a4d8b0b8919efccbbd930e5cd691"
    integrity sha1-xkI5TDYYpNiwuJGe/Mu9kw5c1pE=
    dependencies:
      component-indexof "0.0.3"
  
  component-indexof@0.0.3:
    version "0.0.3"
    resolved "https://registry.yarnpkg.com/component-indexof/-/component-indexof-0.0.3.tgz#11d091312239eb8f32c8f25ae9cb002ffe8d3c24"
    integrity sha1-EdCRMSI5648yyPJa6csAL/6NPCQ=
  
  copy-to-clipboard@^3.2.0:
    version "3.2.1"
    resolved "https://registry.yarnpkg.com/copy-to-clipboard/-/copy-to-clipboard-3.2.1.tgz#b1a1137100e5665d5a96015cb579e30e90e07c44"
    integrity sha512-btru1Q6RD9wbonIvEU5EfnhIRGHLo//BGXQ1hNAD2avIs/nBZlpbOeKtv3mhoUByN4DB9Cb6/vXBymj1S43KmA==
    dependencies:
      toggle-selection "^1.0.6"
  
  core-js@^1.0.0:
    version "1.2.7"
    resolved "https://registry.yarnpkg.com/core-js/-/core-js-1.2.7.tgz#652294c14651db28fa93bd2d5ff2983a4f08c636"
    integrity sha1-ZSKUwUZR2yj6k70tX/KYOk8IxjY=
  
  core-js@^2.4.0:
    version "2.6.11"
    resolved "https://registry.yarnpkg.com/core-js/-/core-js-2.6.11.tgz#38831469f9922bded8ee21c9dc46985e0399308c"
    integrity sha512-5wjnpaT/3dV+XB4borEsnAYQchn00XSgTAWKDkEqv+K8KevjbzmofK6hfJ9TZIlpj2N0xQpazy7PiRQiWHqzWg==
  
  core-util-is@1.0.2:
    version "1.0.2"
    resolved "https://registry.yarnpkg.com/core-util-is/-/core-util-is-1.0.2.tgz#b5fd54220aa2bc5ab57aab7140c940754503c1a7"
    integrity sha1-tf1UIgqivFq1eqtxQMlAdUUDwac=
  
  create-react-class@^15.5.3:
    version "15.6.3"
    resolved "https://registry.yarnpkg.com/create-react-class/-/create-react-class-15.6.3.tgz#2d73237fb3f970ae6ebe011a9e66f46dbca80036"
    integrity sha512-M+/3Q6E6DLO6Yx3OwrWjwHBnvfXXYA7W+dFjt/ZDBemHO1DDZhsalX/NUtnTYclN6GfnBDRh4qRHjcDHmlJBJg==
    dependencies:
      fbjs "^0.8.9"
      loose-envify "^1.3.1"
      object-assign "^4.1.1"
  
  css-animation@1.x, css-animation@^1.3.2, css-animation@^1.5.0:
    version "1.6.1"
    resolved "https://registry.yarnpkg.com/css-animation/-/css-animation-1.6.1.tgz#162064a3b0d51f958b7ff37b3d6d4de18e17039e"
    integrity sha512-/48+/BaEaHRY6kNQ2OIPzKf9A6g8WjZYjhiNDNuIVbsm5tXCGIAsHDjB4Xu1C4vXJtUWZo26O68OQkDpNBaPog==
    dependencies:
      babel-runtime "6.x"
      component-classes "^1.2.5"
  
  css-color-keywords@^1.0.0:
    version "1.0.0"
    resolved "https://registry.yarnpkg.com/css-color-keywords/-/css-color-keywords-1.0.0.tgz#fea2616dc676b2962686b3af8dbdbe180b244e05"
    integrity sha1-/qJhbcZ2spYmhrOvjb2+GAskTgU=
  
  css-to-react-native@^3.0.0:
    version "3.0.0"
    resolved "https://registry.yarnpkg.com/css-to-react-native/-/css-to-react-native-3.0.0.tgz#62dbe678072a824a689bcfee011fc96e02a7d756"
    integrity sha512-Ro1yETZA813eoyUp2GDBhG2j+YggidUmzO1/v9eYBKR2EHVEniE2MI/NqpTQ954BMpTPZFsGNPm46qFB9dpaPQ==
    dependencies:
      camelize "^1.0.0"
      css-color-keywords "^1.0.0"
      postcss-value-parser "^4.0.2"
  
  csstype@^2.2.0, csstype@^2.6.7:
    version "2.6.9"
    resolved "https://registry.yarnpkg.com/csstype/-/csstype-2.6.9.tgz#05141d0cd557a56b8891394c1911c40c8a98d098"
    integrity sha512-xz39Sb4+OaTsULgUERcCk+TJj8ylkL4aSVDQiX/ksxbELSqwkgt4d4RD7fovIdgJGSuNYqwZEiVjYY5l0ask+Q==
  
  customize-cra@^0.9.1:
    version "0.9.1"
    resolved "https://registry.yarnpkg.com/customize-cra/-/customize-cra-0.9.1.tgz#76b42c4f537c16329eccc09cfefd804d04c81550"
    integrity sha512-LISruJ6ak6u+HVQ2vPI+HE4inpPugB73KB9YIpE2J1TW5L1Vrjzm3l2Yupyy+1alJGwAd5GAb5Hfc9qmSUuHow==
    dependencies:
      lodash.flow "^3.5.0"
  
  dashdash@^1.12.0:
    version "1.14.1"
    resolved "https://registry.yarnpkg.com/dashdash/-/dashdash-1.14.1.tgz#853cfa0f7cbe2fed5de20326b8dd581035f6e2f0"
    integrity sha1-hTz6D3y+L+1d4gMmuN1YEDX24vA=
    dependencies:
      assert-plus "^1.0.0"
  
  dayjs@*:
    version "1.8.20"
    resolved "https://registry.yarnpkg.com/dayjs/-/dayjs-1.8.20.tgz#724a5cb6ad1f6fc066b0bd9a800dedcc7886f19e"
    integrity sha512-mH0MCDxw6UCGJYxVN78h8ugWycZAO8thkj3bW6vApL5tS0hQplIDdAQcmbvl7n35H0AKdCJQaArTrIQw2xt4Qg==
  
  debug@=3.1.0:
    version "3.1.0"
    resolved "https://registry.yarnpkg.com/debug/-/debug-3.1.0.tgz#5bb5a0672628b64149566ba16819e61518c67261"
    integrity sha512-OX8XqP7/1a9cqkxYw2yXss15f26NKWBpDXQd0/uK/KPqdQhxbPa994hnzjcE2VqQpDslf55723cKPUOGSmMY3g==
    dependencies:
      ms "2.0.0"
  
  debug@^4.1.0:
    version "4.1.1"
    resolved "https://registry.yarnpkg.com/debug/-/debug-4.1.1.tgz#3b72260255109c6b589cee050f1d516139664791"
    integrity sha512-pYAIzeRo8J6KPEaJ0VWOh5Pzkbw/RetuzehGM7QRRX5he4fPHx2rdKMB256ehJCkX+XRQm16eZLqLNS8RSZXZw==
    dependencies:
      ms "^2.1.1"
  
  delayed-stream@~1.0.0:
    version "1.0.0"
    resolved "https://registry.yarnpkg.com/delayed-stream/-/delayed-stream-1.0.0.tgz#df3ae199acadfb7d440aaae0b29e2272b24ec619"
    integrity sha1-3zrhmayt+31ECqrgsp4icrJOxhk=
  
  dom-align@^1.7.0:
    version "1.10.4"
    resolved "https://registry.yarnpkg.com/dom-align/-/dom-align-1.10.4.tgz#862ae4de0d11d6495c1c8ee1b195427e7caa727d"
    integrity sha512-wytDzaru67AmqFOY4B9GUb/hrwWagezoYYK97D/vpK+ezg+cnuZO0Q2gltUPa7KfNmIqfRIYVCF8UhRDEHAmgQ==
  
  dom-closest@^0.2.0:
    version "0.2.0"
    resolved "https://registry.yarnpkg.com/dom-closest/-/dom-closest-0.2.0.tgz#ebd9f91d1bf22e8d6f477876bbcd3ec90216c0cf"
    integrity sha1-69n5HRvyLo1vR3h2u80+yQIWwM8=
    dependencies:
      dom-matches ">=1.0.1"
  
  dom-helpers@^5.0.1, dom-helpers@^5.1.0, dom-helpers@^5.1.2:
    version "5.1.3"
    resolved "https://registry.yarnpkg.com/dom-helpers/-/dom-helpers-5.1.3.tgz#7233248eb3a2d1f74aafca31e52c5299cc8ce821"
    integrity sha512-nZD1OtwfWGRBWlpANxacBEZrEuLa16o1nh7YopFWeoF68Zt8GGEmzHu6Xv4F3XaFIC+YXtTLrzgqKxFgLEe4jw==
    dependencies:
      "@babel/runtime" "^7.6.3"
      csstype "^2.6.7"
  
  dom-matches@>=1.0.1:
    version "2.0.0"
    resolved "https://registry.yarnpkg.com/dom-matches/-/dom-matches-2.0.0.tgz#d2728b416a87533980eb089b848d253cf23a758c"
    integrity sha1-0nKLQWqHUzmA6wibhI0lPPI6dYw=
  
  dom-scroll-into-view@1.x, dom-scroll-into-view@^1.2.0, dom-scroll-into-view@^1.2.1:
    version "1.2.1"
    resolved "https://registry.yarnpkg.com/dom-scroll-into-view/-/dom-scroll-into-view-1.2.1.tgz#e8f36732dd089b0201a88d7815dc3f88e6d66c7e"
    integrity sha1-6PNnMt0ImwIBqI14Fdw/iObWbH4=
  
  draft-js@^0.10.0, draft-js@~0.10.0:
    version "0.10.5"
    resolved "https://registry.yarnpkg.com/draft-js/-/draft-js-0.10.5.tgz#bfa9beb018fe0533dbb08d6675c371a6b08fa742"
    integrity sha512-LE6jSCV9nkPhfVX2ggcRLA4FKs6zWq9ceuO/88BpXdNCS7mjRTgs0NsV6piUCJX9YxMsB9An33wnkMmU2sD2Zg==
    dependencies:
      fbjs "^0.8.15"
      immutable "~3.7.4"
      object-assign "^4.1.0"
  
  ecc-jsbn@~0.1.1:
    version "0.1.2"
    resolved "https://registry.yarnpkg.com/ecc-jsbn/-/ecc-jsbn-0.1.2.tgz#3a83a904e54353287874c564b7549386849a98c9"
    integrity sha1-OoOpBOVDUyh4dMVkt1SThoSamMk=
    dependencies:
      jsbn "~0.1.0"
      safer-buffer "^2.1.0"
  
  emojis-list@^2.0.0:
    version "2.1.0"
    resolved "https://registry.yarnpkg.com/emojis-list/-/emojis-list-2.1.0.tgz#4daa4d9db00f9819880c79fa457ae5b09a1fd389"
    integrity sha1-TapNnbAPmBmIDHn6RXrlsJof04k=
  
  encoding@^0.1.11:
    version "0.1.12"
    resolved "https://registry.yarnpkg.com/encoding/-/encoding-0.1.12.tgz#538b66f3ee62cd1ab51ec323829d1f9480c74beb"
    integrity sha1-U4tm8+5izRq1HsMjgp0flIDHS+s=
    dependencies:
      iconv-lite "~0.4.13"
  
  enquire.js@^2.1.6:
    version "2.1.6"
    resolved "https://registry.yarnpkg.com/enquire.js/-/enquire.js-2.1.6.tgz#3e8780c9b8b835084c3f60e166dbc3c2a3c89814"
    integrity sha1-PoeAybi4NQhMP2DhZtvDwqPImBQ=
  
  errno@^0.1.1:
    version "0.1.7"
    resolved "https://registry.yarnpkg.com/errno/-/errno-0.1.7.tgz#4684d71779ad39af177e3f007996f7c67c852618"
    integrity sha512-MfrRBDWzIWifgq6tJj60gkAwtLNb6sQPlcFrSOflcP1aFmmruKQ2wRnze/8V6kgyz7H3FF8Npzv78mZ7XLLflg==
    dependencies:
      prr "~1.0.1"
  
  escape-string-regexp@^1.0.5:
    version "1.0.5"
    resolved "https://registry.yarnpkg.com/escape-string-regexp/-/escape-string-regexp-1.0.5.tgz#1b61c0562190a8dff6ae3bb2cf0200ca130b86d4"
    integrity sha1-G2HAViGQqN/2rjuyzwIAyhMLhtQ=
  
  esutils@^2.0.2:
    version "2.0.3"
    resolved "https://registry.yarnpkg.com/esutils/-/esutils-2.0.3.tgz#74d2eb4de0b8da1293711910d50775b9b710ef64"
    integrity sha512-kVscqXk4OCp68SZ0dkgEKVi6/8ij300KBWTJq32P/dYeWTSwK41WyTxalN1eRmA5Z9UU/LX9D7FWSmV9SAYx6g==
  
  eventlistener@0.0.1:
    version "0.0.1"
    resolved "https://registry.yarnpkg.com/eventlistener/-/eventlistener-0.0.1.tgz#ed2baabb852227af2bcf889152c72c63ca532eb8"
    integrity sha1-7Suqu4UiJ68rz4iRUscsY8pTLrg=
  
  extend@~3.0.2:
    version "3.0.2"
    resolved "https://registry.yarnpkg.com/extend/-/extend-3.0.2.tgz#f8b1136b4071fbd8eb140aff858b1019ec2915fa"
    integrity sha512-fjquC59cD7CyW6urNXK0FBufkZcoiGG80wTuPujX590cB5Ttln20E2UB4S/WARVqhXffZl2LNgS+gQdPIIim/g==
  
  extsprintf@1.3.0:
    version "1.3.0"
    resolved "https://registry.yarnpkg.com/extsprintf/-/extsprintf-1.3.0.tgz#96918440e3041a7a414f8c52e3c574eb3c3e1e05"
    integrity sha1-lpGEQOMEGnpBT4xS48V06zw+HgU=
  
  extsprintf@^1.2.0:
    version "1.4.0"
    resolved "https://registry.yarnpkg.com/extsprintf/-/extsprintf-1.4.0.tgz#e2689f8f356fad62cca65a3a91c5df5f9551692f"
    integrity sha1-4mifjzVvrWLMplo6kcXfX5VRaS8=
  
  fast-deep-equal@^3.1.1:
    version "3.1.1"
    resolved "https://registry.yarnpkg.com/fast-deep-equal/-/fast-deep-equal-3.1.1.tgz#545145077c501491e33b15ec408c294376e94ae4"
    integrity sha512-8UEa58QDLauDNfpbrX55Q9jrGHThw2ZMdOky5Gl1CDtVeJDPVrG4Jxx1N8jw2gkWaff5UUuX1KJd+9zGe2B+ZA==
  
  fast-json-stable-stringify@^2.0.0:
    version "2.1.0"
    resolved "https://registry.yarnpkg.com/fast-json-stable-stringify/-/fast-json-stable-stringify-2.1.0.tgz#874bf69c6f404c2b5d99c481341399fd55892633"
    integrity sha512-lhd/wF+Lk98HZoTCtlVraHtfh5XYijIjalXck7saUtuanSDyLMxnHhSXEDJqHxD7msR8D0uCmqlkwjCV8xvwHw==
  
  fbjs@^0.8.15, fbjs@^0.8.16, fbjs@^0.8.9:
    version "0.8.17"
    resolved "https://registry.yarnpkg.com/fbjs/-/fbjs-0.8.17.tgz#c4d598ead6949112653d6588b01a5cdcd9f90fdd"
    integrity sha1-xNWY6taUkRJlPWWIsBpc3Nn5D90=
    dependencies:
      core-js "^1.0.0"
      isomorphic-fetch "^2.1.1"
      loose-envify "^1.0.0"
      object-assign "^4.1.0"
      promise "^7.1.1"
      setimmediate "^1.0.5"
      ua-parser-js "^0.7.18"
  
  follow-redirects@1.5.10:
    version "1.5.10"
    resolved "https://registry.yarnpkg.com/follow-redirects/-/follow-redirects-1.5.10.tgz#7b7a9f9aea2fdff36786a94ff643ed07f4ff5e2a"
    integrity sha512-0V5l4Cizzvqt5D44aTXbFZz+FtyXV1vrDN6qrelxtfYQKW0KO0W2T/hkE8xvGa/540LkZlkaUjO4ailYTFtHVQ==
    dependencies:
      debug "=3.1.0"
  
  forever-agent@~0.6.1:
    version "0.6.1"
    resolved "https://registry.yarnpkg.com/forever-agent/-/forever-agent-0.6.1.tgz#fbc71f0c41adeb37f96c577ad1ed42d8fdacca91"
    integrity sha1-+8cfDEGt6zf5bFd60e1C2P2sypE=
  
  form-data@~2.3.2:
    version "2.3.3"
    resolved "https://registry.yarnpkg.com/form-data/-/form-data-2.3.3.tgz#dcce52c05f644f298c6a7ab936bd724ceffbf3a6"
    integrity sha512-1lLKB2Mu3aGP1Q/2eCOx0fNbRMe7XdwktwOruhfqqd0rIJWwN4Dh+E3hrPSlDCXnSR7UtZ1N38rVXm+6+MEhJQ==
    dependencies:
      asynckit "^0.4.0"
      combined-stream "^1.0.6"
      mime-types "^2.1.12"
  
  getpass@^0.1.1:
    version "0.1.7"
    resolved "https://registry.yarnpkg.com/getpass/-/getpass-0.1.7.tgz#5eff8e3e684d569ae4cb2b1282604e8ba62149fa"
    integrity sha1-Xv+OPmhNVprkyysSgmBOi6YhSfo=
    dependencies:
      assert-plus "^1.0.0"
  
  globals@^11.1.0:
    version "11.12.0"
    resolved "https://registry.yarnpkg.com/globals/-/globals-11.12.0.tgz#ab8795338868a0babd8525758018c2a7eb95c42e"
    integrity sha512-WOBp/EEGUiIsJSp7wcv/y6MO+lV9UoncWqxuFfm8eBwzWNgyfBd6Gz+IeKQ9jCmyhoH99g15M3T+QaVHFjizVA==
  
  graceful-fs@^4.1.2:
    version "4.2.3"
    resolved "https://registry.yarnpkg.com/graceful-fs/-/graceful-fs-4.2.3.tgz#4a12ff1b60376ef09862c2093edd908328be8423"
    integrity sha512-a30VEBm4PEdx1dRB7MFK7BejejvCvBronbLjht+sHuGYj8PHs7M/5Z+rt5lw551vZ7yfTCj4Vuyy3mSJytDWRQ==
  
  gud@^1.0.0:
    version "1.0.0"
    resolved "https://registry.yarnpkg.com/gud/-/gud-1.0.0.tgz#a489581b17e6a70beca9abe3ae57de7a499852c0"
    integrity sha512-zGEOVKFM5sVPPrYs7J5/hYEw2Pof8KCyOwyhG8sAF26mCAeUFAcYPu1mwB7hhpIP29zOIBaDqwuHdLp0jvZXjw==
  
  hammerjs@^2.0.8:
    version "2.0.8"
    resolved "https://registry.yarnpkg.com/hammerjs/-/hammerjs-2.0.8.tgz#04ef77862cff2bb79d30f7692095930222bf60f1"
    integrity sha1-BO93hiz/K7edMPdpIJWTAiK/YPE=
  
  har-schema@^2.0.0:
    version "2.0.0"
    resolved "https://registry.yarnpkg.com/har-schema/-/har-schema-2.0.0.tgz#a94c2224ebcac04782a0d9035521f24735b7ec92"
    integrity sha1-qUwiJOvKwEeCoNkDVSHyRzW37JI=
  
  har-validator@~5.1.3:
    version "5.1.3"
    resolved "https://registry.yarnpkg.com/har-validator/-/har-validator-5.1.3.tgz#1ef89ebd3e4996557675eed9893110dc350fa080"
    integrity sha512-sNvOCzEQNr/qrvJgc3UG/kD4QtlHycrzwS+6mfTrrSq97BvaYcPZZI1ZSqGSPR73Cxn4LKTD4PttRwfU7jWq5g==
    dependencies:
      ajv "^6.5.5"
      har-schema "^2.0.0"
  
  has-flag@^3.0.0:
    version "3.0.0"
    resolved "https://registry.yarnpkg.com/has-flag/-/has-flag-3.0.0.tgz#b5d454dc2199ae225699f3467e5a07f3b955bafd"
    integrity sha1-tdRU3CGZriJWmfNGfloH87lVuv0=
  
  hoist-non-react-statics@^2.3.1:
    version "2.5.5"
    resolved "https://registry.yarnpkg.com/hoist-non-react-statics/-/hoist-non-react-statics-2.5.5.tgz#c5903cf409c0dfd908f388e619d86b9c1174cb47"
    integrity sha512-rqcy4pJo55FTTLWt+bU8ukscqHeE/e9KWvsOW2b/a3afxQZhwkQdT1rPPCJ0rYXdj4vNcasY8zHTH+jF/qStxw==
  
  hoist-non-react-statics@^3.0.0, hoist-non-react-statics@^3.3.0:
    version "3.3.2"
    resolved "https://registry.yarnpkg.com/hoist-non-react-statics/-/hoist-non-react-statics-3.3.2.tgz#ece0acaf71d62c2969c2ec59feff42a4b1a85b45"
    integrity sha512-/gGivxi8JPKWNm/W0jSmzcMPpfpPLc3dY/6GxhX2hQ9iGj3aDfklV4ET7NjKpSinLpJ5vafa9iiGIEZg10SfBw==
    dependencies:
      react-is "^16.7.0"
  
  http-signature@~1.2.0:
    version "1.2.0"
    resolved "https://registry.yarnpkg.com/http-signature/-/http-signature-1.2.0.tgz#9aecd925114772f3d95b65a60abb8f7c18fbace1"
    integrity sha1-muzZJRFHcvPZW2WmCruPfBj7rOE=
    dependencies:
      assert-plus "^1.0.0"
      jsprim "^1.2.2"
      sshpk "^1.7.0"
  
  iconv-lite@~0.4.13:
    version "0.4.24"
    resolved "https://registry.yarnpkg.com/iconv-lite/-/iconv-lite-0.4.24.tgz#2022b4b25fbddc21d2f524974a474aafe733908b"
    integrity sha512-v3MXnZAcvnywkTUEZomIActle7RXXeedOR31wwl7VlyoXO4Qi9arvSenNQWne1TcRwhCL1HwLI21bEqdpj8/rA==
    dependencies:
      safer-buffer ">= 2.1.2 < 3"
  
  image-size@~0.5.0:
    version "0.5.5"
    resolved "https://registry.yarnpkg.com/image-size/-/image-size-0.5.5.tgz#09dfd4ab9d20e29eb1c3e80b8990378df9e3cb9c"
    integrity sha1-Cd/Uq50g4p6xw+gLiZA3jfnjy5w=
  
  immutable@^3.7.4:
    version "3.8.2"
    resolved "https://registry.yarnpkg.com/immutable/-/immutable-3.8.2.tgz#c2439951455bb39913daf281376f1530e104adf3"
    integrity sha1-wkOZUUVbs5kT2vKBN28VMOEErfM=
  
  immutable@~3.7.4:
    version "3.7.6"
    resolved "https://registry.yarnpkg.com/immutable/-/immutable-3.7.6.tgz#13b4d3cb12befa15482a26fe1b2ebae640071e4b"
    integrity sha1-E7TTyxK++hVIKib+Gy665kAHHks=
  
  invariant@^2.2.4:
    version "2.2.4"
    resolved "https://registry.yarnpkg.com/invariant/-/invariant-2.2.4.tgz#610f3c92c9359ce1db616e538008d23ff35158e6"
    integrity sha512-phJfQVBuaJM5raOpJjSfkiD6BpbCE4Ns//LaXl6wGYtUBY83nWS6Rf9tXm2e8VaK60JEjYldbPif/A2B1C2gNA==
    dependencies:
      loose-envify "^1.0.0"
  
  is-mobile@^2.1.0:
    version "2.2.0"
    resolved "https://registry.yarnpkg.com/is-mobile/-/is-mobile-2.2.0.tgz#72b19ab033deb0fd15a2d00a23b9b1003f8fa5d9"
    integrity sha512-K0DmUqaZqYl6M8ej536uJYAQaBkx+qWph7xl1KRBr31UiGUT0MoFWUoqnIxzXnIeolnK8bkxtKXkZNL6HfSHhQ==
  
  is-stream@^1.0.1:
    version "1.1.0"
    resolved "https://registry.yarnpkg.com/is-stream/-/is-stream-1.1.0.tgz#12d4a3dd4e68e0b79ceb8dbc84173ae80d91ca44"
    integrity sha1-EtSj3U5o4Lec6428hBc66A2RykQ=
  
  is-typedarray@~1.0.0:
    version "1.0.0"
    resolved "https://registry.yarnpkg.com/is-typedarray/-/is-typedarray-1.0.0.tgz#e479c80858df0c1b11ddda6940f96011fcda4a9a"
    integrity sha1-5HnICFjfDBsR3dppQPlgEfzaSpo=
  
  isomorphic-fetch@^2.1.1:
    version "2.2.1"
    resolved "https://registry.yarnpkg.com/isomorphic-fetch/-/isomorphic-fetch-2.2.1.tgz#611ae1acf14f5e81f729507472819fe9733558a9"
    integrity sha1-YRrhrPFPXoH3KVB0coGf6XM1WKk=
    dependencies:
      node-fetch "^1.0.1"
      whatwg-fetch ">=0.10.0"
  
  isstream@~0.1.2:
    version "0.1.2"
    resolved "https://registry.yarnpkg.com/isstream/-/isstream-0.1.2.tgz#47e63f7af55afa6f92e1500e690eb8b8529c099a"
    integrity sha1-R+Y/evVa+m+S4VAOaQ64uFKcCZo=
  
  "js-tokens@^3.0.0 || ^4.0.0", js-tokens@^4.0.0:
    version "4.0.0"
    resolved "https://registry.yarnpkg.com/js-tokens/-/js-tokens-4.0.0.tgz#19203fb59991df98e3a287050d4647cdeaf32499"
    integrity sha512-RdJUflcE3cUzKiMqQgsCu06FPu9UdIJO0beYbPhHN4k6apgJtifcoCtT9bcxOpYBtpD2kCM6Sbzg4CausW/PKQ==
  
  jsbn@~0.1.0:
    version "0.1.1"
    resolved "https://registry.yarnpkg.com/jsbn/-/jsbn-0.1.1.tgz#a5e654c2e5a2deb5f201d96cefbca80c0ef2f513"
    integrity sha1-peZUwuWi3rXyAdls77yoDA7y9RM=
  
  jsesc@^2.5.1:
    version "2.5.2"
    resolved "https://registry.yarnpkg.com/jsesc/-/jsesc-2.5.2.tgz#80564d2e483dacf6e8ef209650a67df3f0c283a4"
    integrity sha512-OYu7XEzjkCQ3C5Ps3QIZsQfNpqoJyZZA99wd9aWd05NCtC5pWOkShK2mkL6HXQR6/Cy2lbNdPlZBpuQHXE63gA==
  
  json-schema-traverse@^0.4.1:
    version "0.4.1"
    resolved "https://registry.yarnpkg.com/json-schema-traverse/-/json-schema-traverse-0.4.1.tgz#69f6a87d9513ab8bb8fe63bdb0979c448e684660"
    integrity sha512-xbbCH5dCYU5T8LcEhhuh7HJ88HXuW3qsI3Y0zOZFKfZEHcpWiHU/Jxzk629Brsab/mMiHQti9wMP+845RPe3Vg==
  
  json-schema@0.2.3:
    version "0.2.3"
    resolved "https://registry.yarnpkg.com/json-schema/-/json-schema-0.2.3.tgz#b480c892e59a2f05954ce727bd3f2a4e882f9e13"
    integrity sha1-tIDIkuWaLwWVTOcnvT8qTogvnhM=
  
  json-stringify-safe@~5.0.1:
    version "5.0.1"
    resolved "https://registry.yarnpkg.com/json-stringify-safe/-/json-stringify-safe-5.0.1.tgz#1296a2d58fd45f19a0f6ce01d65701e2c735b6eb"
    integrity sha1-Epai1Y/UXxmg9s4B1lcB4sc1tus=
  
  json2mq@^0.2.0:
    version "0.2.0"
    resolved "https://registry.yarnpkg.com/json2mq/-/json2mq-0.2.0.tgz#b637bd3ba9eabe122c83e9720483aeb10d2c904a"
    integrity sha1-tje9O6nqvhIsg+lyBIOusQ0skEo=
    dependencies:
      string-convert "^0.2.0"
  
  json5@^1.0.1:
    version "1.0.1"
    resolved "https://registry.yarnpkg.com/json5/-/json5-1.0.1.tgz#779fb0018604fa854eacbf6252180d83543e3dbe"
    integrity sha512-aKS4WQjPenRxiQsC93MNfjx+nbF4PAdYzmd/1JIj8HYzqfbu86beTuNgXDzPknWk0n0uARlyewZo4s++ES36Ow==
    dependencies:
      minimist "^1.2.0"
  
  jsprim@^1.2.2:
    version "1.4.1"
    resolved "https://registry.yarnpkg.com/jsprim/-/jsprim-1.4.1.tgz#313e66bc1e5cc06e438bc1b7499c2e5c56acb6a2"
    integrity sha1-MT5mvB5cwG5Di8G3SZwuXFastqI=
    dependencies:
      assert-plus "1.0.0"
      extsprintf "1.3.0"
      json-schema "0.2.3"
      verror "1.10.0"
  
  keycode@^2.2.0:
    version "2.2.0"
    resolved "https://registry.yarnpkg.com/keycode/-/keycode-2.2.0.tgz#3d0af56dc7b8b8e5cba8d0a97f107204eec22b04"
    integrity sha1-PQr1bce4uOXLqNCpfxByBO7CKwQ=
  
  less-loader@^5.0.0:
    version "5.0.0"
    resolved "https://registry.yarnpkg.com/less-loader/-/less-loader-5.0.0.tgz#498dde3a6c6c4f887458ee9ed3f086a12ad1b466"
    integrity sha512-bquCU89mO/yWLaUq0Clk7qCsKhsF/TZpJUzETRvJa9KSVEL9SO3ovCvdEHISBhrC81OwC8QSVX7E0bzElZj9cg==
    dependencies:
      clone "^2.1.1"
      loader-utils "^1.1.0"
      pify "^4.0.1"
  
  less@^3.11.1:
    version "3.11.1"
    resolved "https://registry.yarnpkg.com/less/-/less-3.11.1.tgz#c6bf08e39e02404fe6b307a3dfffafdc55bd36e2"
    integrity sha512-tlWX341RECuTOvoDIvtFqXsKj072hm3+9ymRBe76/mD6O5ZZecnlAOVDlWAleF2+aohFrxNidXhv2773f6kY7g==
    dependencies:
      clone "^2.1.2"
      tslib "^1.10.0"
    optionalDependencies:
      errno "^0.1.1"
      graceful-fs "^4.1.2"
      image-size "~0.5.0"
      mime "^1.4.1"
      mkdirp "^0.5.0"
      promise "^7.1.1"
      request "^2.83.0"
      source-map "~0.6.0"
  
  loader-utils@^1.1.0:
    version "1.2.3"
    resolved "https://registry.yarnpkg.com/loader-utils/-/loader-utils-1.2.3.tgz#1ff5dc6911c9f0a062531a4c04b609406108c2c7"
    integrity sha512-fkpz8ejdnEMG3s37wGL07iSBDg99O9D5yflE9RGNH3hRdx9SOwYfnGYdZOUIZitN8E+E2vkq3MUMYMvPYl5ZZA==
    dependencies:
      big.js "^5.2.2"
      emojis-list "^2.0.0"
      json5 "^1.0.1"
  
  lodash.debounce@^4.0.0, lodash.debounce@^4.0.8:
    version "4.0.8"
    resolved "https://registry.yarnpkg.com/lodash.debounce/-/lodash.debounce-4.0.8.tgz#82d79bff30a67c4005ffd5e2515300ad9ca4d7af"
    integrity sha1-gteb/zCmfEAF/9XiUVMArZyk168=
  
  lodash.flow@^3.5.0:
    version "3.5.0"
    resolved "https://registry.yarnpkg.com/lodash.flow/-/lodash.flow-3.5.0.tgz#87bf40292b8cf83e4e8ce1a3ae4209e20071675a"
    integrity sha1-h79AKSuM+D5OjOGjrkIJ4gBxZ1o=
  
  lodash.throttle@^4.0.0:
    version "4.1.1"
    resolved "https://registry.yarnpkg.com/lodash.throttle/-/lodash.throttle-4.1.1.tgz#c23e91b710242ac70c37f1e1cda9274cc39bf2f4"
    integrity sha1-wj6RtxAkKscMN/HhzaknTMOb8vQ=
  
  lodash@^4.16.5, lodash@^4.17.11, lodash@^4.17.13, lodash@^4.17.4, lodash@^4.17.5:
    version "4.17.15"
    resolved "https://registry.yarnpkg.com/lodash/-/lodash-4.17.15.tgz#b447f6670a0455bbfeedd11392eff330ea097548"
    integrity sha512-8xOcRHvCjnocdS5cpwXQXVzmmh5e5+saE2QGoeQmbKmRS6J3VQppPOIt0MnmE+4xlZoumy0GPG0D0MVIQbNA1A==
  
  loose-envify@^1.0.0, loose-envify@^1.1.0, loose-envify@^1.3.1, loose-envify@^1.4.0:
    version "1.4.0"
    resolved "https://registry.yarnpkg.com/loose-envify/-/loose-envify-1.4.0.tgz#71ee51fa7be4caec1a63839f7e682d8132d30caf"
    integrity sha512-lyuxPGr/Wfhrlem2CL/UcnUc1zcqKAImBDzukY7Y5F/yQiNdko6+fRLevlw1HgMySw7f611UIY408EtxRSoK3Q==
    dependencies:
      js-tokens "^3.0.0 || ^4.0.0"
  
  mime-db@1.43.0:
    version "1.43.0"
    resolved "https://registry.yarnpkg.com/mime-db/-/mime-db-1.43.0.tgz#0a12e0502650e473d735535050e7c8f4eb4fae58"
    integrity sha512-+5dsGEEovYbT8UY9yD7eE4XTc4UwJ1jBYlgaQQF38ENsKR3wj/8q8RFZrF9WIZpB2V1ArTVFUva8sAul1NzRzQ==
  
  mime-types@^2.1.12, mime-types@~2.1.19:
    version "2.1.26"
    resolved "https://registry.yarnpkg.com/mime-types/-/mime-types-2.1.26.tgz#9c921fc09b7e149a65dfdc0da4d20997200b0a06"
    integrity sha512-01paPWYgLrkqAyrlDorC1uDwl2p3qZT7yl806vW7DvDoxwXi46jsjFbg+WdwotBIk6/MbEhO/dh5aZ5sNj/dWQ==
    dependencies:
      mime-db "1.43.0"
  
  mime@^1.4.1:
    version "1.6.0"
    resolved "https://registry.yarnpkg.com/mime/-/mime-1.6.0.tgz#32cd9e5c64553bd58d19a568af452acff04981b1"
    integrity sha512-x0Vn8spI+wuJ1O6S7gnbaQg8Pxh4NNHb7KSINmEWKiPE4RKOplvijn+NkmYmmRgP68mc70j2EbeTFRsrswaQeg==
  
  mini-store@^2.0.0:
    version "2.0.0"
    resolved "https://registry.yarnpkg.com/mini-store/-/mini-store-2.0.0.tgz#0843c048d6942ce55e3e78b1b67fc063022b5488"
    integrity sha512-EG0CuwpQmX+XL4QVS0kxNwHW5ftSbhygu1qxQH0pipugjnPkbvkalCdQbEihMwtQY6d3MTN+MS0q+aurs+RfLQ==
    dependencies:
      hoist-non-react-statics "^2.3.1"
      prop-types "^15.6.0"
      react-lifecycles-compat "^3.0.4"
      shallowequal "^1.0.2"
  
  minimist@0.0.8:
    version "0.0.8"
    resolved "https://registry.yarnpkg.com/minimist/-/minimist-0.0.8.tgz#857fcabfc3397d2625b8228262e86aa7a011b05d"
    integrity sha1-hX/Kv8M5fSYluCKCYuhqp6ARsF0=
  
  minimist@^1.2.0:
    version "1.2.0"
    resolved "https://registry.yarnpkg.com/minimist/-/minimist-1.2.0.tgz#a35008b20f41383eec1fb914f4cd5df79a264284"
    integrity sha1-o1AIsg9BOD7sH7kU9M1d95omQoQ=
  
  mkdirp@^0.5.0:
    version "0.5.1"
    resolved "https://registry.yarnpkg.com/mkdirp/-/mkdirp-0.5.1.tgz#30057438eac6cf7f8c4767f38648d6697d75c903"
    integrity sha1-MAV0OOrGz3+MR2fzhkjWaX11yQM=
    dependencies:
      minimist "0.0.8"
  
  moment@2.x, moment@^2.24.0:
    version "2.24.0"
    resolved "https://registry.yarnpkg.com/moment/-/moment-2.24.0.tgz#0d055d53f5052aa653c9f6eb68bb5d12bf5c2b5b"
    integrity sha512-bV7f+6l2QigeBBZSM/6yTNq4P2fNpSWj/0e7jQcy87A8e7o2nAfP/34/2ky5Vw4B9S446EtIhodAzkFCcR4dQg==
  
  ms@2.0.0:
    version "2.0.0"
    resolved "https://registry.yarnpkg.com/ms/-/ms-2.0.0.tgz#5608aeadfc00be6c2901df5f9861788de0d597c8"
    integrity sha1-VgiurfwAvmwpAd9fmGF4jeDVl8g=
  
  ms@^2.1.1:
    version "2.1.2"
    resolved "https://registry.yarnpkg.com/ms/-/ms-2.1.2.tgz#d09d1f357b443f493382a8eb3ccd183872ae6009"
    integrity sha512-sGkPx+VjMtmA6MX27oA4FBFELFCZZ4S4XqeGOXCv68tT+jb3vk/RyaKWP0PTKyWtmLSM0b+adUTEvbs1PEaH2w==
  
  mutationobserver-shim@^0.3.2:
    version "0.3.3"
    resolved "https://registry.yarnpkg.com/mutationobserver-shim/-/mutationobserver-shim-0.3.3.tgz#65869630bc89d7bf8c9cd9cb82188cd955aacd2b"
    integrity sha512-gciOLNN8Vsf7YzcqRjKzlAJ6y7e+B86u7i3KXes0xfxx/nfLmozlW1Vn+Sc9x3tPIePFgc1AeIFhtRgkqTjzDQ==
  
  node-fetch@^1.0.1:
    version "1.7.3"
    resolved "https://registry.yarnpkg.com/node-fetch/-/node-fetch-1.7.3.tgz#980f6f72d85211a5347c6b2bc18c5b84c3eb47ef"
    integrity sha512-NhZ4CsKx7cYm2vSrBAr2PvFOe6sWDf0UYLRqA6svUYg7+/TSfVAu49jYC4BvQ4Sms9SZgdqGBgroqfDhJdTyKQ==
    dependencies:
      encoding "^0.1.11"
      is-stream "^1.0.1"
  
  oauth-sign@~0.9.0:
    version "0.9.0"
    resolved "https://registry.yarnpkg.com/oauth-sign/-/oauth-sign-0.9.0.tgz#47a7b016baa68b5fa0ecf3dee08a85c679ac6455"
    integrity sha512-fexhUFFPTGV8ybAtSIGbV6gOkSv8UtRbDBnAyLQw4QPKkgNlsH2ByPGtMUqdWkos6YCRmAqViwgZrJc/mRDzZQ==
  
  object-assign@4.x, object-assign@^4.1.0, object-assign@^4.1.1:
    version "4.1.1"
    resolved "https://registry.yarnpkg.com/object-assign/-/object-assign-4.1.1.tgz#2109adc7965887cfc05cbbd442cac8bfbb360863"
    integrity sha1-IQmtx5ZYh8/AXLvUQsrIv7s2CGM=
  
  omit.js@^1.0.2:
    version "1.0.2"
    resolved "https://registry.yarnpkg.com/omit.js/-/omit.js-1.0.2.tgz#91a14f0eba84066dfa015bf30e474c47f30bc858"
    integrity sha512-/QPc6G2NS+8d4L/cQhbk6Yit1WTB6Us2g84A7A/1+w9d/eRGHyEqC5kkQtHVoHZ5NFWGG7tUGgrhVZwgZanKrQ==
    dependencies:
      babel-runtime "^6.23.0"
  
  performance-now@^2.1.0:
    version "2.1.0"
    resolved "https://registry.yarnpkg.com/performance-now/-/performance-now-2.1.0.tgz#6309f4e0e5fa913ec1c69307ae364b4b377c9e7b"
    integrity sha1-Ywn04OX6kT7BxpMHrjZLSzd8nns=
  
  pify@^4.0.1:
    version "4.0.1"
    resolved "https://registry.yarnpkg.com/pify/-/pify-4.0.1.tgz#4b2cd25c50d598735c50292224fd8c6df41e3231"
    integrity sha512-uB80kBFb/tfd68bVleG9T5GGsGPjJrLAUpR5PZIrhBnIaRTQRjqdJSsIKkOP6OAIFbj7GOrcudc5pNjZ+geV2g==
  
  popper.js@^1.15.0, popper.js@^1.16.0:
    version "1.16.1"
    resolved "https://registry.yarnpkg.com/popper.js/-/popper.js-1.16.1.tgz#2a223cb3dc7b6213d740e40372be40de43e65b1b"
    integrity sha512-Wb4p1J4zyFTbM+u6WuO4XstYx4Ky9Cewe4DWrel7B0w6VVICvPwdOpotjzcf6eD8TsckVnIMNONQyPIUFOUbCQ==
  
  postcss-value-parser@^4.0.2:
    version "4.0.2"
    resolved "https://registry.yarnpkg.com/postcss-value-parser/-/postcss-value-parser-4.0.2.tgz#482282c09a42706d1fc9a069b73f44ec08391dc9"
    integrity sha512-LmeoohTpp/K4UiyQCwuGWlONxXamGzCMtFxLq4W1nZVGIQLYvMCJx3yAF9qyyuFpflABI9yVdtJAqbihOsCsJQ==
  
  promise@^7.1.1:
    version "7.3.1"
    resolved "https://registry.yarnpkg.com/promise/-/promise-7.3.1.tgz#064b72602b18f90f29192b8b1bc418ffd1ebd3bf"
    integrity sha512-nolQXZ/4L+bP/UGlkfaIujX9BKxGwmQ9OT4mOt5yvy8iK1h3wqTEJCijzGANTCCl9nWjY41juyAn2K3Q1hLLTg==
    dependencies:
      asap "~2.0.3"
  
  prop-types-extra@^1.1.0:
    version "1.1.1"
    resolved "https://registry.yarnpkg.com/prop-types-extra/-/prop-types-extra-1.1.1.tgz#58c3b74cbfbb95d304625975aa2f0848329a010b"
    integrity sha512-59+AHNnHYCdiC+vMwY52WmvP5dM3QLeoumYuEyceQDi9aEhtwN9zIQ2ZNo25sMyXnbh32h+P1ezDsUpUH3JAew==
    dependencies:
      react-is "^16.3.2"
      warning "^4.0.0"
  
  prop-types@15.x, prop-types@^15.5.10, prop-types@^15.5.4, prop-types@^15.5.6, prop-types@^15.5.7, prop-types@^15.5.8, prop-types@^15.5.9, prop-types@^15.6.0, prop-types@^15.6.2, prop-types@^15.7.2:
    version "15.7.2"
    resolved "https://registry.yarnpkg.com/prop-types/-/prop-types-15.7.2.tgz#52c41e75b8c87e72b9d9360e0206b99dcbffa6c5"
    integrity sha512-8QQikdH7//R2vurIJSutZ1smHYTcLpRWEOlHnzcWHmBYrOGUysKwSsrC89BCiFj3CbrfJ/nXFdJepOVrY1GCHQ==
    dependencies:
      loose-envify "^1.4.0"
      object-assign "^4.1.1"
      react-is "^16.8.1"
  
  prr@~1.0.1:
    version "1.0.1"
    resolved "https://registry.yarnpkg.com/prr/-/prr-1.0.1.tgz#d3fc114ba06995a45ec6893f484ceb1d78f5f476"
    integrity sha1-0/wRS6BplaRexok/SEzrHXj19HY=
  
  psl@^1.1.28:
    version "1.7.0"
    resolved "https://registry.yarnpkg.com/psl/-/psl-1.7.0.tgz#f1c4c47a8ef97167dea5d6bbf4816d736e884a3c"
    integrity sha512-5NsSEDv8zY70ScRnOTn7bK7eanl2MvFrOrS/R6x+dBt5g1ghnj9Zv90kO8GwT8gxcu2ANyFprnFYB85IogIJOQ==
  
  punycode@^2.1.0, punycode@^2.1.1:
    version "2.1.1"
    resolved "https://registry.yarnpkg.com/punycode/-/punycode-2.1.1.tgz#b58b010ac40c22c5657616c8d2c2c02c7bf479ec"
    integrity sha512-XRsRjdf+j5ml+y/6GKHPZbrF/8p2Yga0JPtdqTIY2Xe5ohJPD9saDJJLPvp9+NSBprVvevdXZybnj2cv8OEd0A==
  
  qs@~6.5.2:
    version "6.5.2"
    resolved "https://registry.yarnpkg.com/qs/-/qs-6.5.2.tgz#cb3ae806e8740444584ef154ce8ee98d403f3e36"
    integrity sha512-N5ZAX4/LxJmF+7wN74pUD6qAh9/wnvdQcjq9TZjevvXzSUo7bfmw91saqMjzGS2xq91/odN2dW/WOl7qQHNDGA==
  
  raf@^3.4.0, raf@^3.4.1:
    version "3.4.1"
    resolved "https://registry.yarnpkg.com/raf/-/raf-3.4.1.tgz#0742e99a4a6552f445d73e3ee0328af0ff1ede39"
    integrity sha512-Sq4CW4QhwOHE8ucn6J34MqtZCeWFP2aQSmrlroYgqAV1PjStIhJXxYuTgUIfkEk7zTLjmIjLmU5q+fbD1NnOJA==
    dependencies:
      performance-now "^2.1.0"
  
  rc-align@^2.4.0, rc-align@^2.4.1:
    version "2.4.5"
    resolved "https://registry.yarnpkg.com/rc-align/-/rc-align-2.4.5.tgz#c941a586f59d1017f23a428f0b468663fb7102ab"
    integrity sha512-nv9wYUYdfyfK+qskThf4BQUSIadeI/dCsfaMZfNEoxm9HwOIioQ+LyqmMK6jWHAZQgOzMLaqawhuBXlF63vgjw==
    dependencies:
      babel-runtime "^6.26.0"
      dom-align "^1.7.0"
      prop-types "^15.5.8"
      rc-util "^4.0.4"
  
  rc-animate@2.x, rc-animate@^2.10.1, rc-animate@^2.10.2, rc-animate@^2.3.0, rc-animate@^2.6.0, rc-animate@^2.8.2:
    version "2.10.2"
    resolved "https://registry.yarnpkg.com/rc-animate/-/rc-animate-2.10.2.tgz#217fdc76ff26cbf425a5caf87cc8a36ba4598456"
    integrity sha512-cE/A7piAzoWFSgUD69NmmMraqCeqVBa51UErod8NS3LUEqWfppSVagHfa0qHAlwPVPiIBg3emRONyny3eiH0Dg==
    dependencies:
      babel-runtime "6.x"
      classnames "^2.2.6"
      css-animation "^1.3.2"
      prop-types "15.x"
      raf "^3.4.0"
      rc-util "^4.15.3"
      react-lifecycles-compat "^3.0.4"
  
  rc-animate@^3.0.0-rc.1:
    version "3.0.0-rc.6"
    resolved "https://registry.yarnpkg.com/rc-animate/-/rc-animate-3.0.0-rc.6.tgz#04288eefa118e0cae214536c8a903ffaac1bc3fb"
    integrity sha512-oBLPpiT6Q4t6YvD/pkLcmofBP1p01TX0Otse8Q4+Mxt8J+VSDflLZGIgf62EwkvRwsQUkLPjZVFBsldnPKLzjg==
    dependencies:
      babel-runtime "6.x"
      classnames "^2.2.5"
      component-classes "^1.2.6"
      fbjs "^0.8.16"
      prop-types "15.x"
      raf "^3.4.0"
      rc-util "^4.5.0"
      react-lifecycles-compat "^3.0.4"
  
  rc-calendar@~9.15.7:
    version "9.15.9"
    resolved "https://registry.yarnpkg.com/rc-calendar/-/rc-calendar-9.15.9.tgz#7a3457ee10f27b9972a755fe6415ef352f01a97a"
    integrity sha512-XOPzJlXYmLFIcwalXmzxKZrrAMD6dEPLRVoHG3wbBpErqjE8ugnXVjm9yXgtQh3Ho3Imhmt+KO0WGLv5T4WuAA==
    dependencies:
      babel-runtime "6.x"
      classnames "2.x"
      moment "2.x"
      prop-types "^15.5.8"
      rc-trigger "^2.2.0"
      rc-util "^4.1.1"
      react-lifecycles-compat "^3.0.4"
  
  rc-cascader@~0.17.4:
    version "0.17.5"
    resolved "https://registry.yarnpkg.com/rc-cascader/-/rc-cascader-0.17.5.tgz#4fde91d23b7608c420263c38eee9c0687f80f7dc"
    integrity sha512-WYMVcxU0+Lj+xLr4YYH0+yXODumvNXDcVEs5i7L1mtpWwYkubPV/zbQpn+jGKFCIW/hOhjkU4J1db8/P/UKE7A==
    dependencies:
      array-tree-filter "^2.1.0"
      prop-types "^15.5.8"
      rc-trigger "^2.2.0"
      rc-util "^4.0.4"
      react-lifecycles-compat "^3.0.4"
      shallow-equal "^1.0.0"
      warning "^4.0.1"
  
  rc-checkbox@~2.1.6:
    version "2.1.8"
    resolved "https://registry.yarnpkg.com/rc-checkbox/-/rc-checkbox-2.1.8.tgz#eedd9ef9c2f3af5b3b8e5cde5254aa89ad1a880a"
    integrity sha512-6qOgh0/by0nVNASx6LZnhRTy17Etcgav+IrI7kL9V9kcDZ/g7K14JFlqrtJ3NjDq/Kyn+BPI1st1XvbkhfaJeg==
    dependencies:
      babel-runtime "^6.23.0"
      classnames "2.x"
      prop-types "15.x"
      react-lifecycles-compat "^3.0.4"
  
  rc-collapse@~1.11.3:
    version "1.11.8"
    resolved "https://registry.yarnpkg.com/rc-collapse/-/rc-collapse-1.11.8.tgz#66a40089d469519e9424009ab1c927e214041d80"
    integrity sha512-8EhfPyScTYljkbRuIoHniSwZagD5UPpZ3CToYgoNYWC85L2qCbPYF7+OaC713FOrIkp6NbfNqXsITNxmDAmxog==
    dependencies:
      classnames "2.x"
      css-animation "1.x"
      prop-types "^15.5.6"
      rc-animate "2.x"
      react-is "^16.7.0"
      react-lifecycles-compat "^3.0.4"
      shallowequal "^1.1.0"
  
  rc-dialog@~7.6.0:
    version "7.6.0"
    resolved "https://registry.yarnpkg.com/rc-dialog/-/rc-dialog-7.6.0.tgz#6467b75f5b60038129bf2e1b003b264281949c09"
    integrity sha512-N48vBPW8I53WycFHI4KXhuTUkB4mx+hixq1a9tcFMLoE7EhkAjbHvs0vGg+Bh/uFg5V00jmZBgQOIEbhcNal/A==
    dependencies:
      babel-runtime "6.x"
      rc-animate "2.x"
      rc-util "^4.16.1"
  
  rc-drawer@~3.1.1:
    version "3.1.3"
    resolved "https://registry.yarnpkg.com/rc-drawer/-/rc-drawer-3.1.3.tgz#cbcb04d4c07f0b66f2ece11d847f4a1bd80ea0b7"
    integrity sha512-2z+RdxmzXyZde/1OhVMfDR1e/GBswFeWSZ7FS3Fdd0qhgVdpV1wSzILzzxRaT481ItB5hOV+e8pZT07vdJE8kg==
    dependencies:
      classnames "^2.2.6"
      rc-util "^4.16.1"
      react-lifecycles-compat "^3.0.4"
  
  rc-dropdown@~2.4.1:
    version "2.4.1"
    resolved "https://registry.yarnpkg.com/rc-dropdown/-/rc-dropdown-2.4.1.tgz#aaef6eb3a5152cdd9982895c2a78d9b5f046cdec"
    integrity sha512-p0XYn0wrOpAZ2fUGE6YJ6U8JBNc5ASijznZ6dkojdaEfQJAeZtV9KMEewhxkVlxGSbbdXe10ptjBlTEW9vEwEg==
    dependencies:
      babel-runtime "^6.26.0"
      classnames "^2.2.6"
      prop-types "^15.5.8"
      rc-trigger "^2.5.1"
      react-lifecycles-compat "^3.0.2"
  
  rc-editor-core@~0.8.3:
    version "0.8.10"
    resolved "https://registry.yarnpkg.com/rc-editor-core/-/rc-editor-core-0.8.10.tgz#6f215bc5df9c33ffa9f6c5b30ca73a7dabe8ab7c"
    integrity sha512-T3aHpeMCIYA1sdAI7ynHHjXy5fqp83uPlD68ovZ0oClTSc3tbHmyCxXlA+Ti4YgmcpCYv7avF6a+TIbAka53kw==
    dependencies:
      babel-runtime "^6.26.0"
      classnames "^2.2.5"
      draft-js "^0.10.0"
      immutable "^3.7.4"
      lodash "^4.16.5"
      prop-types "^15.5.8"
      setimmediate "^1.0.5"
  
  rc-editor-mention@^1.1.13:
    version "1.1.13"
    resolved "https://registry.yarnpkg.com/rc-editor-mention/-/rc-editor-mention-1.1.13.tgz#9f1cab1065f86b01523840321790c2ab12ac5e8b"
    integrity sha512-3AOmGir91Fi2ogfRRaXLtqlNuIwQpvla7oUnGHS1+3eo7b+fUp5IlKcagqtwUBB5oDNofoySXkLBxzWvSYNp/Q==
    dependencies:
      babel-runtime "^6.23.0"
      classnames "^2.2.5"
      dom-scroll-into-view "^1.2.0"
      draft-js "~0.10.0"
      immutable "~3.7.4"
      prop-types "^15.5.8"
      rc-animate "^2.3.0"
      rc-editor-core "~0.8.3"
  
  rc-form@^2.4.10:
    version "2.4.11"
    resolved "https://registry.yarnpkg.com/rc-form/-/rc-form-2.4.11.tgz#61ee3ae579259684ae30f2c48f55f0f23a5d3d08"
    integrity sha512-8BL+FNlFLTOY/A5X6tU35GQJLSIpsmqpwn/tFAYQTczXc4dMJ33ggtH248Cum8+LS0jLTsJKG2L4Qp+1CkY+sA==
    dependencies:
      async-validator "~1.11.3"
      babel-runtime "6.x"
      create-react-class "^15.5.3"
      dom-scroll-into-view "1.x"
      hoist-non-react-statics "^3.3.0"
      lodash "^4.17.4"
      rc-util "^4.15.3"
      warning "^4.0.3"
  
  rc-hammerjs@~0.6.0:
    version "0.6.9"
    resolved "https://registry.yarnpkg.com/rc-hammerjs/-/rc-hammerjs-0.6.9.tgz#9a4ddbda1b2ec8f9b9596091a6a989842a243907"
    integrity sha512-4llgWO3RgLyVbEqUdGsDfzUDqklRlQW5VEhE3x35IvhV+w//VPRG34SBavK3D2mD/UaLKaohgU41V4agiftC8g==
    dependencies:
      babel-runtime "6.x"
      hammerjs "^2.0.8"
      prop-types "^15.5.9"
  
  rc-input-number@~4.5.0:
    version "4.5.4"
    resolved "https://registry.yarnpkg.com/rc-input-number/-/rc-input-number-4.5.4.tgz#b0178cd7d3f4c57747db987d25ed2ff4d38a7af0"
    integrity sha512-lHk4o+vXv9l7Ku4jz4iCuzwG7PsOimdlPpIdIEX9TqnBWVa4QMjwkqin7ILlS2Dy/DBYrLnymtPrIXEGOll7KA==
    dependencies:
      babel-runtime "6.x"
      classnames "^2.2.0"
      prop-types "^15.5.7"
      rc-util "^4.5.1"
      rmc-feedback "^2.0.0"
  
  rc-mentions@~0.4.0:
    version "0.4.2"
    resolved "https://registry.yarnpkg.com/rc-mentions/-/rc-mentions-0.4.2.tgz#c18ab701efb9e4b75b3851a0c0d2dd698640e246"
    integrity sha512-DTZurQzacLXOfVuiHydGzqkq7cFMHXF18l2jZ9PhWUn2cqvOSY3W4osN0Pq29AOMOBpcxdZCzgc7Lb0r/bgkDw==
    dependencies:
      "@ant-design/create-react-context" "^0.2.4"
      classnames "^2.2.6"
      rc-menu "^7.4.22"
      rc-trigger "^2.6.2"
      rc-util "^4.6.0"
      react-lifecycles-compat "^3.0.4"
  
  rc-menu@^7.3.0, rc-menu@^7.4.22, rc-menu@~7.5.1:
    version "7.5.5"
    resolved "https://registry.yarnpkg.com/rc-menu/-/rc-menu-7.5.5.tgz#78cdc817d86fc353a1430b864d3d96c7489600ca"
    integrity sha512-4YJXJgrpUGEA1rMftXN7bDhrV5rPB8oBJoHqT+GVXtIWCanfQxEnM3fmhHQhatL59JoAFMZhJaNzhJIk4FUWCQ==
    dependencies:
      classnames "2.x"
      dom-scroll-into-view "1.x"
      mini-store "^2.0.0"
      mutationobserver-shim "^0.3.2"
      rc-animate "^2.10.1"
      rc-trigger "^2.3.0"
      rc-util "^4.13.0"
      resize-observer-polyfill "^1.5.0"
      shallowequal "^1.1.0"
  
  rc-notification@~3.3.1:
    version "3.3.1"
    resolved "https://registry.yarnpkg.com/rc-notification/-/rc-notification-3.3.1.tgz#0baa3e70f8d40ab015ce8fa78c260c490fc7beb4"
    integrity sha512-U5+f4BmBVfMSf3OHSLyRagsJ74yKwlrQAtbbL5ijoA0F2C60BufwnOcHG18tVprd7iaIjzZt1TKMmQSYSvgrig==
    dependencies:
      babel-runtime "6.x"
      classnames "2.x"
      prop-types "^15.5.8"
      rc-animate "2.x"
      rc-util "^4.0.4"
  
  rc-pagination@~1.20.11:
    version "1.20.14"
    resolved "https://registry.yarnpkg.com/rc-pagination/-/rc-pagination-1.20.14.tgz#981c125ebedbe7fe6782bd311f8bb9c99eb0cded"
    integrity sha512-sNKwbFrxiqATqcIIShfrFs8BT03n4UUwTAMYae+JhHTmILQmXdvimEnZbVuWcno6G02DAJcLrFpmkn1h2tmEJw==
    dependencies:
      babel-runtime "6.x"
      classnames "^2.2.6"
      prop-types "^15.5.7"
      react-lifecycles-compat "^3.0.4"
  
  rc-progress@~2.5.0:
    version "2.5.2"
    resolved "https://registry.yarnpkg.com/rc-progress/-/rc-progress-2.5.2.tgz#ab01ba4e5d2fa36fc9f6f058b10b720e7315560c"
    integrity sha512-ajI+MJkbBz9zYDuE9GQsY5gsyqPF7HFioZEDZ9Fmc+ebNZoiSeSJsTJImPFCg0dW/5WiRGUy2F69SX1aPtSJgA==
    dependencies:
      babel-runtime "6.x"
      prop-types "^15.5.8"
  
  rc-rate@~2.5.0:
    version "2.5.1"
    resolved "https://registry.yarnpkg.com/rc-rate/-/rc-rate-2.5.1.tgz#55fc5fd23ea9dcc72250b9a889803479f4842961"
    integrity sha512-3iJkNJT8xlHklPCdeZtUZmJmRVUbr6AHRlfSsztfYTXVlHrv2TcPn3XkHsH+12j812WVB7gvilS2j3+ffjUHXg==
    dependencies:
      classnames "^2.2.5"
      prop-types "^15.5.8"
      rc-util "^4.3.0"
      react-lifecycles-compat "^3.0.4"
  
  rc-resize-observer@^0.1.0:
    version "0.1.3"
    resolved "https://registry.yarnpkg.com/rc-resize-observer/-/rc-resize-observer-0.1.3.tgz#097191f9c3ab186ed907b553ba6ef565df11c249"
    integrity sha512-uzOQEwx83xdQSFOkOAM7x7GHIQKYnrDV4dWxtCxyG1BS1pkfJ4EvDeMfsvAJHSYkQXVBu+sgRHGbRtLG3qiuUg==
    dependencies:
      classnames "^2.2.1"
      rc-util "^4.13.0"
      resize-observer-polyfill "^1.5.1"
  
  rc-select@~9.2.0:
    version "9.2.3"
    resolved "https://registry.yarnpkg.com/rc-select/-/rc-select-9.2.3.tgz#64340e2d6ef64e8bc3cfc6f468ffd28625589ac2"
    integrity sha512-WhswxOMWiNnkXRbxyrj0kiIvyCfo/BaRPaYbsDetSIAU2yEDwKHF798blCP5u86KLOBKBvtxWLFCkSsQw1so5w==
    dependencies:
      babel-runtime "^6.23.0"
      classnames "2.x"
      component-classes "1.x"
      dom-scroll-into-view "1.x"
      prop-types "^15.5.8"
      raf "^3.4.0"
      rc-animate "2.x"
      rc-menu "^7.3.0"
      rc-trigger "^2.5.4"
      rc-util "^4.0.4"
      react-lifecycles-compat "^3.0.2"
      warning "^4.0.2"
  
  rc-slider@~8.7.1:
    version "8.7.1"
    resolved "https://registry.yarnpkg.com/rc-slider/-/rc-slider-8.7.1.tgz#9ed07362dc93489a38e654b21b8122ad70fd3c42"
    integrity sha512-WMT5mRFUEcrLWwTxsyS8jYmlaMsTVCZIGENLikHsNv+tE8ThU2lCoPfi/xFNUfJFNFSBFP3MwPez9ZsJmNp13g==
    dependencies:
      babel-runtime "6.x"
      classnames "^2.2.5"
      prop-types "^15.5.4"
      rc-tooltip "^3.7.0"
      rc-util "^4.0.4"
      react-lifecycles-compat "^3.0.4"
      shallowequal "^1.1.0"
      warning "^4.0.3"
  
  rc-steps@~3.5.0:
    version "3.5.0"
    resolved "https://registry.yarnpkg.com/rc-steps/-/rc-steps-3.5.0.tgz#36b2a7f1f49907b0d90363884b18623caf9fb600"
    integrity sha512-2Vkkrpa7PZbg7qPsqTNzVDov4u78cmxofjjnIHiGB9+9rqKS8oTLPzbW2uiWDr3Lk+yGwh8rbpGO1E6VAgBCOg==
    dependencies:
      babel-runtime "^6.23.0"
      classnames "^2.2.3"
      lodash "^4.17.5"
      prop-types "^15.5.7"
  
  rc-switch@~1.9.0:
    version "1.9.0"
    resolved "https://registry.yarnpkg.com/rc-switch/-/rc-switch-1.9.0.tgz#ab2b878f2713c681358a453391976c9b95b290f7"
    integrity sha512-Isas+egaK6qSk64jaEw4GgPStY4umYDbT7ZY93bZF1Af+b/JEsKsJdNOU2qG3WI0Z6tXo2DDq0kJCv8Yhu0zww==
    dependencies:
      classnames "^2.2.1"
      prop-types "^15.5.6"
      react-lifecycles-compat "^3.0.4"
  
  rc-table@~6.10.5:
    version "6.10.11"
    resolved "https://registry.yarnpkg.com/rc-table/-/rc-table-6.10.11.tgz#fffe9c1b56de49f04d75bab3e28458e8c7a22f33"
    integrity sha512-YcTlpO4RKlcM7Mio2FjcUOqRUyGU4edtOBG4x5kwZNHwZdfBm7m6VQuyQ/i6qec5S67EP86wiFbmKU54Z2HtFQ==
    dependencies:
      classnames "^2.2.5"
      component-classes "^1.2.6"
      lodash "^4.17.5"
      mini-store "^2.0.0"
      prop-types "^15.5.8"
      rc-util "^4.13.0"
      react-lifecycles-compat "^3.0.2"
      shallowequal "^1.0.2"
  
  rc-tabs@~9.7.0:
    version "9.7.0"
    resolved "https://registry.yarnpkg.com/rc-tabs/-/rc-tabs-9.7.0.tgz#ae09695bef5963d6e64e7bc10521c76dfdd8448b"
    integrity sha512-kvmgp8/MfLzFZ06hWHignqomFQ5nF7BqKr5O1FfhE4VKsGrep52YSF/1MvS5oe0NPcI9XGNS2p751C5v6cYDpQ==
    dependencies:
      "@ant-design/create-react-context" "^0.2.4"
      babel-runtime "6.x"
      classnames "2.x"
      lodash "^4.17.5"
      prop-types "15.x"
      raf "^3.4.1"
      rc-hammerjs "~0.6.0"
      rc-util "^4.0.4"
      react-lifecycles-compat "^3.0.4"
      resize-observer-polyfill "^1.5.1"
      warning "^4.0.3"
  
  rc-time-picker@~3.7.1:
    version "3.7.3"
    resolved "https://registry.yarnpkg.com/rc-time-picker/-/rc-time-picker-3.7.3.tgz#65a8de904093250ae9c82b02a4905e0f995e23e2"
    integrity sha512-Lv1Mvzp9fRXhXEnRLO4nW6GLNxUkfAZ3RsiIBsWjGjXXvMNjdr4BX/ayElHAFK0DoJqOhm7c5tjmIYpEOwcUXg==
    dependencies:
      classnames "2.x"
      moment "2.x"
      prop-types "^15.5.8"
      raf "^3.4.1"
      rc-trigger "^2.2.0"
      react-lifecycles-compat "^3.0.4"
  
  rc-tooltip@^3.7.0, rc-tooltip@~3.7.3:
    version "3.7.3"
    resolved "https://registry.yarnpkg.com/rc-tooltip/-/rc-tooltip-3.7.3.tgz#280aec6afcaa44e8dff0480fbaff9e87fc00aecc"
    integrity sha512-dE2ibukxxkrde7wH9W8ozHKUO4aQnPZ6qBHtrTH9LoO836PjDdiaWO73fgPB05VfJs9FbZdmGPVEbXCeOP99Ww==
    dependencies:
      babel-runtime "6.x"
      prop-types "^15.5.8"
      rc-trigger "^2.2.2"
  
  rc-tree-select@~2.9.1:
    version "2.9.4"
    resolved "https://registry.yarnpkg.com/rc-tree-select/-/rc-tree-select-2.9.4.tgz#6aa794e1f0e65c66c406aa0a2a0e74fd0a557b09"
    integrity sha512-0HQkXAN4XbfBW20CZYh3G+V+VMrjX42XRtDCpyv6PDUm5vikC0Ob682ZBCVS97Ww2a5Hf6Ajmu0ahWEdIEpwhg==
    dependencies:
      classnames "^2.2.1"
      dom-scroll-into-view "^1.2.1"
      prop-types "^15.5.8"
      raf "^3.4.0"
      rc-animate "^2.8.2"
      rc-tree "~2.1.0"
      rc-trigger "^3.0.0"
      rc-util "^4.5.0"
      react-lifecycles-compat "^3.0.4"
      shallowequal "^1.0.2"
      warning "^4.0.1"
  
  rc-tree@~2.1.0:
    version "2.1.3"
    resolved "https://registry.yarnpkg.com/rc-tree/-/rc-tree-2.1.3.tgz#5214ab1b21a1848eb9a2ddcb919e3bc46d6d390b"
    integrity sha512-COvV65spQ6omrHBUhHRKqKNL5+ddXjlS+qWZchaL9FFuQNvjM5pjp9RnmMWK4fJJ5kBhhpLneh6wh9Vh3kSMXQ==
    dependencies:
      "@ant-design/create-react-context" "^0.2.4"
      classnames "2.x"
      prop-types "^15.5.8"
      rc-animate "^2.6.0"
      rc-util "^4.5.1"
      react-lifecycles-compat "^3.0.4"
      warning "^4.0.3"
  
  rc-trigger@^2.2.0, rc-trigger@^2.2.2, rc-trigger@^2.3.0, rc-trigger@^2.5.1, rc-trigger@^2.5.4, rc-trigger@^2.6.2:
    version "2.6.5"
    resolved "https://registry.yarnpkg.com/rc-trigger/-/rc-trigger-2.6.5.tgz#140a857cf28bd0fa01b9aecb1e26a50a700e9885"
    integrity sha512-m6Cts9hLeZWsTvWnuMm7oElhf+03GOjOLfTuU0QmdB9ZrW7jR2IpI5rpNM7i9MvAAlMAmTx5Zr7g3uu/aMvZAw==
    dependencies:
      babel-runtime "6.x"
      classnames "^2.2.6"
      prop-types "15.x"
      rc-align "^2.4.0"
      rc-animate "2.x"
      rc-util "^4.4.0"
      react-lifecycles-compat "^3.0.4"
  
  rc-trigger@^3.0.0:
    version "3.0.0"
    resolved "https://registry.yarnpkg.com/rc-trigger/-/rc-trigger-3.0.0.tgz#f6d9b1da8a26b2b2d1d912a06876c1a486f5980f"
    integrity sha512-hQxbbJpo23E2QnYczfq3Ec5J5tVl2mUDhkqxrEsQAqk16HfADQg+iKNWzEYXyERSncdxfnzYuaBgy764mNRzTA==
    dependencies:
      babel-runtime "6.x"
      classnames "^2.2.6"
      prop-types "15.x"
      raf "^3.4.0"
      rc-align "^2.4.1"
      rc-animate "^3.0.0-rc.1"
      rc-util "^4.15.7"
  
  rc-upload@~2.9.1:
    version "2.9.4"
    resolved "https://registry.yarnpkg.com/rc-upload/-/rc-upload-2.9.4.tgz#8e34a73a468d7907fe31982c38100e4593857d32"
    integrity sha512-WXt0HGxXyzLrPV6iec/96Rbl/6dyrAW8pKuY6wwD7yFYwfU5bjgKjv7vC8KNMJ6wzitFrZjnoiogNL3dF9dj3Q==
    dependencies:
      babel-runtime "6.x"
      classnames "^2.2.5"
      prop-types "^15.5.7"
      warning "4.x"
  
  rc-util@^4.0.4, rc-util@^4.1.1, rc-util@^4.13.0, rc-util@^4.15.3, rc-util@^4.15.7, rc-util@^4.16.1, rc-util@^4.3.0, rc-util@^4.4.0, rc-util@^4.5.0, rc-util@^4.5.1, rc-util@^4.6.0:
    version "4.19.0"
    resolved "https://registry.yarnpkg.com/rc-util/-/rc-util-4.19.0.tgz#f3b5e3a02cc0a667d127784068e1236c095dbcbf"
    integrity sha512-mptALlLwpeczS3nrv83DbwJNeupolbuvlIEjcvimSiWI8NUBjpF0HgG3kWp1RymiuiRCNm9yhaXqDz0a99dpgQ==
    dependencies:
      add-dom-event-listener "^1.1.0"
      babel-runtime "6.x"
      prop-types "^15.5.10"
      react-lifecycles-compat "^3.0.4"
      shallowequal "^1.1.0"
  
  react-app-rewired@^2.1.5:
    version "2.1.5"
    resolved "https://registry.yarnpkg.com/react-app-rewired/-/react-app-rewired-2.1.5.tgz#592ec2eae5c3c5cd96c80930b5dc3f6c34da1dc6"
    integrity sha512-Gr8KfCeL9/PTQs8Vvxc7v8wQ9vCFMnYPhcAkrMlzkLiMFXS+BgSwm11MoERjZm7dpA2WjTi+Pvbu/w7rujAV+A==
    dependencies:
      semver "^5.6.0"
  
  react-bootstrap@^1.0.0-beta.16:
    version "1.0.0-beta.16"
    resolved "https://registry.yarnpkg.com/react-bootstrap/-/react-bootstrap-1.0.0-beta.16.tgz#42da0314aee6754494e478687b8e6953de1aaf62"
    integrity sha512-wjb+3CwviDWAaz4O3gQpd2XMDNqbOiqOOzpLm5aLPcp1wTsQsVRhyM+rTPmO3hYU8auA2eNpTYLz08/fAcMqDA==
    dependencies:
      "@babel/runtime" "^7.4.2"
      "@restart/context" "^2.1.4"
      "@restart/hooks" "^0.3.11"
      "@types/react" "^16.8.23"
      classnames "^2.2.6"
      dom-helpers "^5.1.2"
      invariant "^2.2.4"
      keycode "^2.2.0"
      popper.js "^1.16.0"
      prop-types "^15.7.2"
      prop-types-extra "^1.1.0"
      react-overlays "^2.1.0"
      react-transition-group "^4.0.0"
      uncontrollable "^7.0.0"
      warning "^4.0.3"
  
  react-dom@^16.12.0:
    version "16.12.0"
    resolved "https://registry.yarnpkg.com/react-dom/-/react-dom-16.12.0.tgz#0da4b714b8d13c2038c9396b54a92baea633fe11"
    integrity sha512-LMxFfAGrcS3kETtQaCkTKjMiifahaMySFDn71fZUNpPHZQEzmk/GiAeIT8JSOrHB23fnuCOMruL2a8NYlw+8Gw==
    dependencies:
      loose-envify "^1.1.0"
      object-assign "^4.1.1"
      prop-types "^15.6.2"
      scheduler "^0.18.0"
  
  react-is@^16.3.2, react-is@^16.7.0, react-is@^16.8.1:
    version "16.12.0"
    resolved "https://registry.yarnpkg.com/react-is/-/react-is-16.12.0.tgz#2cc0fe0fba742d97fd527c42a13bec4eeb06241c"
    integrity sha512-rPCkf/mWBtKc97aLL9/txD8DZdemK0vkA3JMLShjlJB3Pj3s+lpf1KaBzMfQrAmhMQB0n1cU/SUGgKKBCe837Q==
  
  react-lazy-load@^3.0.13:
    version "3.0.13"
    resolved "https://registry.yarnpkg.com/react-lazy-load/-/react-lazy-load-3.0.13.tgz#3b0a92d336d43d3f0d73cbe6f35b17050b08b824"
    integrity sha1-OwqS0zbUPT8Nc8vm81sXBQsIuCQ=
    dependencies:
      eventlistener "0.0.1"
      lodash.debounce "^4.0.0"
      lodash.throttle "^4.0.0"
      prop-types "^15.5.8"
  
  react-lifecycles-compat@^3.0.2, react-lifecycles-compat@^3.0.4:
    version "3.0.4"
    resolved "https://registry.yarnpkg.com/react-lifecycles-compat/-/react-lifecycles-compat-3.0.4.tgz#4f1a273afdfc8f3488a8c516bfda78f872352362"
    integrity sha512-fBASbA6LnOU9dOU2eW7aQ8xmYBSXUIWr+UmF9b1efZBazGNO+rcXT/icdKnYm2pTwcRylVUYwW7H1PHfLekVzA==
  
  react-overlays@^2.1.0:
    version "2.1.1"
    resolved "https://registry.yarnpkg.com/react-overlays/-/react-overlays-2.1.1.tgz#ffe2090c4a10da6b8947a1c7b1a67d0457648a0d"
    integrity sha512-gaQJwmb8Ij2IGVt4D1HmLtl4A0mDVYxlsv/8i0dHWK7Mw0kNat6ORelbbEWzaXTK1TqMeQtJw/jraL3WOADz3w==
    dependencies:
      "@babel/runtime" "^7.4.5"
      "@restart/hooks" "^0.3.12"
      dom-helpers "^5.1.0"
      popper.js "^1.15.0"
      prop-types "^15.7.2"
      uncontrollable "^7.0.0"
      warning "^4.0.3"
  
  react-slick@~0.25.2:
    version "0.25.2"
    resolved "https://registry.yarnpkg.com/react-slick/-/react-slick-0.25.2.tgz#56331b67d47d8bcfe2dceb6acab1c8fd5bd1f6bc"
    integrity sha512-8MNH/NFX/R7zF6W/w+FS5VXNyDusF+XDW1OU0SzODEU7wqYB+ZTGAiNJ++zVNAVqCAHdyCybScaUB+FCZOmBBw==
    dependencies:
      classnames "^2.2.5"
      enquire.js "^2.1.6"
      json2mq "^0.2.0"
      lodash.debounce "^4.0.8"
      resize-observer-polyfill "^1.5.0"
  
  react-transition-group@^4.0.0:
    version "4.3.0"
    resolved "https://registry.yarnpkg.com/react-transition-group/-/react-transition-group-4.3.0.tgz#fea832e386cf8796c58b61874a3319704f5ce683"
    integrity sha512-1qRV1ZuVSdxPlPf4O8t7inxUGpdyO5zG9IoNfJxSO0ImU2A1YWkEQvFPuIPZmMLkg5hYs7vv5mMOyfgSkvAwvw==
    dependencies:
      "@babel/runtime" "^7.5.5"
      dom-helpers "^5.0.1"
      loose-envify "^1.4.0"
      prop-types "^15.6.2"
  
  react@^16.12.0:
    version "16.12.0"
    resolved "https://registry.yarnpkg.com/react/-/react-16.12.0.tgz#0c0a9c6a142429e3614834d5a778e18aa78a0b83"
    integrity sha512-fglqy3k5E+81pA8s+7K0/T3DBCF0ZDOher1elBFzF7O6arXJgzyu/FW+COxFvAWXJoJN9KIZbT2LXlukwphYTA==
    dependencies:
      loose-envify "^1.1.0"
      object-assign "^4.1.1"
      prop-types "^15.6.2"
  
  regenerator-runtime@^0.11.0:
    version "0.11.1"
    resolved "https://registry.yarnpkg.com/regenerator-runtime/-/regenerator-runtime-0.11.1.tgz#be05ad7f9bf7d22e056f9726cee5017fbf19e2e9"
    integrity sha512-MguG95oij0fC3QV3URf4V2SDYGJhJnJGqvIIgdECeODCT98wSWDAJ94SSuVpYQUoTcGUIL6L4yNB7j1DFFHSBg==
  
  regenerator-runtime@^0.13.2:
    version "0.13.3"
    resolved "https://registry.yarnpkg.com/regenerator-runtime/-/regenerator-runtime-0.13.3.tgz#7cf6a77d8f5c6f60eb73c5fc1955b2ceb01e6bf5"
    integrity sha512-naKIZz2GQ8JWh///G7L3X6LaQUAMp2lvb1rvwwsURe/VXwD6VMfr+/1NuNw3ag8v2kY1aQ/go5SNn79O9JU7yw==
  
  request@^2.83.0:
    version "2.88.2"
    resolved "https://registry.yarnpkg.com/request/-/request-2.88.2.tgz#d73c918731cb5a87da047e207234146f664d12b3"
    integrity sha512-MsvtOrfG9ZcrOwAW+Qi+F6HbD0CWXEh9ou77uOb7FM2WPhwT7smM833PzanhJLsgXjN89Ir6V2PczXNnMpwKhw==
    dependencies:
      aws-sign2 "~0.7.0"
      aws4 "^1.8.0"
      caseless "~0.12.0"
      combined-stream "~1.0.6"
      extend "~3.0.2"
      forever-agent "~0.6.1"
      form-data "~2.3.2"
      har-validator "~5.1.3"
      http-signature "~1.2.0"
      is-typedarray "~1.0.0"
      isstream "~0.1.2"
      json-stringify-safe "~5.0.1"
      mime-types "~2.1.19"
      oauth-sign "~0.9.0"
      performance-now "^2.1.0"
      qs "~6.5.2"
      safe-buffer "^5.1.2"
      tough-cookie "~2.5.0"
      tunnel-agent "^0.6.0"
      uuid "^3.3.2"
  
  resize-observer-polyfill@^1.5.0, resize-observer-polyfill@^1.5.1:
    version "1.5.1"
    resolved "https://registry.yarnpkg.com/resize-observer-polyfill/-/resize-observer-polyfill-1.5.1.tgz#0e9020dd3d21024458d4ebd27e23e40269810464"
    integrity sha512-LwZrotdHOo12nQuZlHEmtuXdqGoOD0OhaxopaNFxWzInpEgaLWoVuAMbTzixuosCx2nEG58ngzW3vxdWoxIgdg==
  
  rmc-feedback@^2.0.0:
    version "2.0.0"
    resolved "https://registry.yarnpkg.com/rmc-feedback/-/rmc-feedback-2.0.0.tgz#cbc6cb3ae63c7a635eef0e25e4fbaf5ac366eeaa"
    integrity sha512-5PWOGOW7VXks/l3JzlOU9NIxRpuaSS8d9zA3UULUCuTKnpwBHNvv1jSJzxgbbCQeYzROWUpgKI4za3X4C/mKmQ==
    dependencies:
      babel-runtime "6.x"
      classnames "^2.2.5"
  
  safe-buffer@^5.0.1, safe-buffer@^5.1.2:
    version "5.2.0"
    resolved "https://registry.yarnpkg.com/safe-buffer/-/safe-buffer-5.2.0.tgz#b74daec49b1148f88c64b68d49b1e815c1f2f519"
    integrity sha512-fZEwUGbVl7kouZs1jCdMLdt95hdIv0ZeHg6L7qPeciMZhZ+/gdesW4wgTARkrFWEpspjEATAzUGPG8N2jJiwbg==
  
  "safer-buffer@>= 2.1.2 < 3", safer-buffer@^2.0.2, safer-buffer@^2.1.0, safer-buffer@~2.1.0:
    version "2.1.2"
    resolved "https://registry.yarnpkg.com/safer-buffer/-/safer-buffer-2.1.2.tgz#44fa161b0187b9549dd84bb91802f9bd8385cd6a"
    integrity sha512-YZo3K82SD7Riyi0E1EQPojLz7kpepnSQI9IyPbHHg1XXXevb5dJI7tpyN2ADxGcQbHG7vcyRHk0cbwqcQriUtg==
  
  scheduler@^0.18.0:
    version "0.18.0"
    resolved "https://registry.yarnpkg.com/scheduler/-/scheduler-0.18.0.tgz#5901ad6659bc1d8f3fdaf36eb7a67b0d6746b1c4"
    integrity sha512-agTSHR1Nbfi6ulI0kYNK0203joW2Y5W4po4l+v03tOoiJKpTBbxpNhWDvqc/4IcOw+KLmSiQLTasZ4cab2/UWQ==
    dependencies:
      loose-envify "^1.1.0"
      object-assign "^4.1.1"
  
  semver@^5.6.0:
    version "5.7.1"
    resolved "https://registry.yarnpkg.com/semver/-/semver-5.7.1.tgz#a954f931aeba508d307bbf069eff0c01c96116f7"
    integrity sha512-sauaDf/PZdVgrLTNYHRtpXa1iRiKcaebiKQ1BJdpQlWH2lCvexQdX55snPFyK7QzpudqbCI0qXFfOasHdyNDGQ==
  
  setimmediate@^1.0.5:
    version "1.0.5"
    resolved "https://registry.yarnpkg.com/setimmediate/-/setimmediate-1.0.5.tgz#290cbb232e306942d7d7ea9b83732ab7856f8285"
    integrity sha1-KQy7Iy4waULX1+qbg3Mqt4VvgoU=
  
  shallow-equal@^1.0.0:
    version "1.2.1"
    resolved "https://registry.yarnpkg.com/shallow-equal/-/shallow-equal-1.2.1.tgz#4c16abfa56043aa20d050324efa68940b0da79da"
    integrity sha512-S4vJDjHHMBaiZuT9NPb616CSmLf618jawtv3sufLl6ivK8WocjAo58cXwbRV1cgqxH0Qbv+iUt6m05eqEa2IRA==
  
  shallowequal@^1.0.2, shallowequal@^1.1.0:
    version "1.1.0"
    resolved "https://registry.yarnpkg.com/shallowequal/-/shallowequal-1.1.0.tgz#188d521de95b9087404fd4dcb68b13df0ae4e7f8"
    integrity sha512-y0m1JoUZSlPAjXVtPPW70aZWfIL/dSP7AFkRnniLCrK/8MDKog3TySTBmckD+RObVxH0v4Tox67+F14PdED2oQ==
  
  source-map@^0.5.0:
    version "0.5.7"
    resolved "https://registry.yarnpkg.com/source-map/-/source-map-0.5.7.tgz#8a039d2d1021d22d1ea14c80d8ea468ba2ef3fcc"
    integrity sha1-igOdLRAh0i0eoUyA2OpGi6LvP8w=
  
  source-map@~0.6.0:
    version "0.6.1"
    resolved "https://registry.yarnpkg.com/source-map/-/source-map-0.6.1.tgz#74722af32e9614e9c287a8d0bbde48b5e2f1a263"
    integrity sha512-UjgapumWlbMhkBgzT7Ykc5YXUT46F0iKu8SGXq0bcwP5dz/h0Plj6enJqjz1Zbq2l5WaqYnrVbwWOWMyF3F47g==
  
  sshpk@^1.7.0:
    version "1.16.1"
    resolved "https://registry.yarnpkg.com/sshpk/-/sshpk-1.16.1.tgz#fb661c0bef29b39db40769ee39fa70093d6f6877"
    integrity sha512-HXXqVUq7+pcKeLqqZj6mHFUMvXtOJt1uoUx09pFW6011inTMxqI8BA8PM95myrIyyKwdnzjdFjLiE6KBPVtJIg==
    dependencies:
      asn1 "~0.2.3"
      assert-plus "^1.0.0"
      bcrypt-pbkdf "^1.0.0"
      dashdash "^1.12.0"
      ecc-jsbn "~0.1.1"
      getpass "^0.1.1"
      jsbn "~0.1.0"
      safer-buffer "^2.0.2"
      tweetnacl "~0.14.0"
  
  string-convert@^0.2.0:
    version "0.2.1"
    resolved "https://registry.yarnpkg.com/string-convert/-/string-convert-0.2.1.tgz#6982cc3049fbb4cd85f8b24568b9d9bf39eeff97"
    integrity sha1-aYLMMEn7tM2F+LJFaLnZvznu/5c=
  
  styled-components@^5.0.1:
    version "5.0.1"
    resolved "https://registry.yarnpkg.com/styled-components/-/styled-components-5.0.1.tgz#57782a6471031abefb2db5820a1876ae853bc619"
    integrity sha512-E0xKTRIjTs4DyvC1MHu/EcCXIj6+ENCP8hP01koyoADF++WdBUOrSGwU1scJRw7/YaYOhDvvoad6VlMG+0j53A==
    dependencies:
      "@babel/helper-module-imports" "^7.0.0"
      "@babel/traverse" "^7.4.5"
      "@emotion/is-prop-valid" "^0.8.3"
      "@emotion/stylis" "^0.8.4"
      "@emotion/unitless" "^0.7.4"
      babel-plugin-styled-components ">= 1"
      css-to-react-native "^3.0.0"
      hoist-non-react-statics "^3.0.0"
      shallowequal "^1.1.0"
      supports-color "^5.5.0"
  
  supports-color@^5.3.0, supports-color@^5.5.0:
    version "5.5.0"
    resolved "https://registry.yarnpkg.com/supports-color/-/supports-color-5.5.0.tgz#e2e69a44ac8772f78a1ec0b35b689df6530efc8f"
    integrity sha512-QjVjwdXIt408MIiAqCX4oUKsgU2EqAGzs2Ppkm4aQYbjm+ZEWEcW4SfFNTr4uMNZma0ey4f5lgLrkB0aX0QMow==
    dependencies:
      has-flag "^3.0.0"
  
  tinycolor2@^1.4.1:
    version "1.4.1"
    resolved "https://registry.yarnpkg.com/tinycolor2/-/tinycolor2-1.4.1.tgz#f4fad333447bc0b07d4dc8e9209d8f39a8ac77e8"
    integrity sha1-9PrTM0R7wLB9TcjpIJ2POaisd+g=
  
  to-fast-properties@^2.0.0:
    version "2.0.0"
    resolved "https://registry.yarnpkg.com/to-fast-properties/-/to-fast-properties-2.0.0.tgz#dc5e698cbd079265bc73e0377681a4e4e83f616e"
    integrity sha1-3F5pjL0HkmW8c+A3doGk5Og/YW4=
  
  toggle-selection@^1.0.6:
    version "1.0.6"
    resolved "https://registry.yarnpkg.com/toggle-selection/-/toggle-selection-1.0.6.tgz#6e45b1263f2017fa0acc7d89d78b15b8bf77da32"
    integrity sha1-bkWxJj8gF/oKzH2J14sVuL932jI=
  
  totalvoice-node@^1.9.0:
    version "1.9.0"
    resolved "https://registry.yarnpkg.com/totalvoice-node/-/totalvoice-node-1.9.0.tgz#db259e657f086f5623a2cdb6e61f28f16d20a6bf"
    integrity sha512-WOI/n+U4JL9sAp2T/i9qDPHgqS2u9EKY2eNxyLARTTfo2vzQlLtxfayrOHWiO76qXs27CwvL6VYMXzMl1VLCoQ==
    dependencies:
      axios "^0.19.0"
  
  tough-cookie@~2.5.0:
    version "2.5.0"
    resolved "https://registry.yarnpkg.com/tough-cookie/-/tough-cookie-2.5.0.tgz#cd9fb2a0aa1d5a12b473bd9fb96fa3dcff65ade2"
    integrity sha512-nlLsUzgm1kfLXSXfRZMc1KLAugd4hqJHDTvc2hDIwS3mZAfMEuMbc03SujMF+GEcpaX/qboeycw6iO8JwVv2+g==
    dependencies:
      psl "^1.1.28"
      punycode "^2.1.1"
  
  tslib@^1.10.0:
    version "1.10.0"
    resolved "https://registry.yarnpkg.com/tslib/-/tslib-1.10.0.tgz#c3c19f95973fb0a62973fb09d90d961ee43e5c8a"
    integrity sha512-qOebF53frne81cf0S9B41ByenJ3/IuH8yJKngAX35CmiZySA0khhkovshKK+jGCaMnVomla7gVlIcc3EvKPbTQ==
  
  tunnel-agent@^0.6.0:
    version "0.6.0"
    resolved "https://registry.yarnpkg.com/tunnel-agent/-/tunnel-agent-0.6.0.tgz#27a5dea06b36b04a0a9966774b290868f0fc40fd"
    integrity sha1-J6XeoGs2sEoKmWZ3SykIaPD8QP0=
    dependencies:
      safe-buffer "^5.0.1"
  
  tweetnacl@^0.14.3, tweetnacl@~0.14.0:
    version "0.14.5"
    resolved "https://registry.yarnpkg.com/tweetnacl/-/tweetnacl-0.14.5.tgz#5ae68177f192d4456269d108afa93ff8743f4f64"
    integrity sha1-WuaBd/GS1EViadEIr6k/+HQ/T2Q=
  
  ua-parser-js@^0.7.18:
    version "0.7.21"
    resolved "https://registry.yarnpkg.com/ua-parser-js/-/ua-parser-js-0.7.21.tgz#853cf9ce93f642f67174273cc34565ae6f308777"
    integrity sha512-+O8/qh/Qj8CgC6eYBVBykMrNtp5Gebn4dlGD/kKXVkJNDwyrAwSIqwz8CDf+tsAIWVycKcku6gIXJ0qwx/ZXaQ==
  
  uncontrollable@^7.0.0:
    version "7.1.1"
    resolved "https://registry.yarnpkg.com/uncontrollable/-/uncontrollable-7.1.1.tgz#f67fed3ef93637126571809746323a9db815d556"
    integrity sha512-EcPYhot3uWTS3w00R32R2+vS8Vr53tttrvMj/yA1uYRhf8hbTG2GyugGqWDY0qIskxn0uTTojVd6wPYW9ZEf8Q==
    dependencies:
      "@babel/runtime" "^7.6.3"
      "@types/react" "^16.9.11"
      invariant "^2.2.4"
      react-lifecycles-compat "^3.0.4"
  
  uri-js@^4.2.2:
    version "4.2.2"
    resolved "https://registry.yarnpkg.com/uri-js/-/uri-js-4.2.2.tgz#94c540e1ff772956e2299507c010aea6c8838eb0"
    integrity sha512-KY9Frmirql91X2Qgjry0Wd4Y+YTdrdZheS8TFwvkbLWf/G5KNJDCh6pKL5OZctEW4+0Baa5idK2ZQuELRwPznQ==
    dependencies:
      punycode "^2.1.0"
  
  uuid@^3.3.2:
    version "3.4.0"
    resolved "https://registry.yarnpkg.com/uuid/-/uuid-3.4.0.tgz#b23e4358afa8a202fe7a100af1f5f883f02007ee"
    integrity sha512-HjSDRw6gZE5JMggctHBcjVak08+KEVhSIiDzFnT9S9aegmp85S/bReBVTb4QTFaRNptJ9kuYaNhnbNEOkbKb/A==
  
  verror@1.10.0:
    version "1.10.0"
    resolved "https://registry.yarnpkg.com/verror/-/verror-1.10.0.tgz#3a105ca17053af55d6e270c1f8288682e18da400"
    integrity sha1-OhBcoXBTr1XW4nDB+CiGguGNpAA=
    dependencies:
      assert-plus "^1.0.0"
      core-util-is "1.0.2"
      extsprintf "^1.2.0"
  
  warning@4.x, warning@^4.0.0, warning@^4.0.1, warning@^4.0.2, warning@^4.0.3, warning@~4.0.3:
    version "4.0.3"
    resolved "https://registry.yarnpkg.com/warning/-/warning-4.0.3.tgz#16e9e077eb8a86d6af7d64aa1e05fd85b4678ca3"
    integrity sha512-rpJyN222KWIvHJ/F53XSZv0Zl/accqHR8et1kpaMTD/fLCRxtV8iX8czMzY7sVZupTI3zcUTg8eycS2kNF9l6w==
    dependencies:
      loose-envify "^1.0.0"
  
  whatwg-fetch@>=0.10.0:
    version "3.0.0"
    resolved "https://registry.yarnpkg.com/whatwg-fetch/-/whatwg-fetch-3.0.0.tgz#fc804e458cc460009b1a2b966bc8817d2578aefb"
    integrity sha512-9GSJUgz1D4MfyKU7KRqwOjXCXTqWdFNvEr7eUBYchQiVc744mqK/MzXPNR2WsPkmkOa4ywfg8C2n8h+13Bey1Q==
